{"/home/travis/build/npmtest/node-npmtest-blueimp-file-upload/test.js":{"path":"/home/travis/build/npmtest/node-npmtest-blueimp-file-upload/test.js","s":{"1":2,"2":2,"3":2,"4":2,"5":2,"6":2,"7":2,"8":1,"9":2,"10":2,"11":1,"12":1,"13":1,"14":1,"15":2,"16":2,"17":2,"18":2,"19":1,"20":1,"21":2,"22":2,"23":2,"24":1,"25":1,"26":1,"27":1,"28":1,"29":1,"30":1,"31":1,"32":1,"33":1,"34":1,"35":1,"36":1,"37":1,"38":1,"39":2,"40":2,"41":1,"42":2,"43":2,"44":1,"45":2,"46":2,"47":1,"48":2,"49":2,"50":1,"51":1,"52":1,"53":1,"54":1},"b":{"1":[2,1,1,1],"2":[1,1,1,1],"3":[1,1],"4":[1,1],"5":[1,1],"6":[1,1],"7":[1,1],"8":[1,1],"9":[1,1],"10":[1,1,1],"11":[1,1],"12":[1,1],"13":[1,1],"14":[1,1],"15":[1,1],"16":[1,1],"17":[1,1]},"f":{"1":2,"2":2,"3":2,"4":2,"5":2,"6":1,"7":1,"8":1,"9":2,"10":2,"11":2,"12":2,"13":1},"fnMap":{"1":{"name":"(anonymous_1)","line":12,"loc":{"start":{"line":12,"column":1},"end":{"line":12,"column":13}}},"2":{"name":"(anonymous_2)","line":19,"loc":{"start":{"line":19,"column":5},"end":{"line":19,"column":17}}},"3":{"name":"(anonymous_3)","line":23,"loc":{"start":{"line":23,"column":24},"end":{"line":23,"column":36}}},"4":{"name":"(anonymous_4)","line":61,"loc":{"start":{"line":61,"column":5},"end":{"line":61,"column":17}}},"5":{"name":"(anonymous_5)","line":82,"loc":{"start":{"line":82,"column":5},"end":{"line":82,"column":17}}},"6":{"name":"(anonymous_6)","line":91,"loc":{"start":{"line":91,"column":77},"end":{"line":94,"column":10}}},"7":{"name":"(anonymous_7)","line":112,"loc":{"start":{"line":112,"column":83},"end":{"line":115,"column":10}},"skip":true},"8":{"name":"(anonymous_8)","line":123,"loc":{"start":{"line":123,"column":77},"end":{"line":126,"column":10}},"skip":true},"9":{"name":"(anonymous_9)","line":139,"loc":{"start":{"line":139,"column":12},"end":{"line":139,"column":40}},"skip":true},"10":{"name":"(anonymous_10)","line":147,"loc":{"start":{"line":147,"column":77},"end":{"line":150,"column":10}},"skip":true},"11":{"name":"(anonymous_11)","line":158,"loc":{"start":{"line":158,"column":83},"end":{"line":161,"column":10}},"skip":true},"12":{"name":"(anonymous_12)","line":169,"loc":{"start":{"line":169,"column":79},"end":{"line":172,"column":10}},"skip":true},"13":{"name":"(anonymous_13)","line":180,"loc":{"start":{"line":180,"column":75},"end":{"line":183,"column":10}},"skip":true}},"statementMap":{"1":{"start":{"line":12,"column":0},"end":{"line":195,"column":5}},"2":{"start":{"line":14,"column":4},"end":{"line":14,"column":14}},"3":{"start":{"line":19,"column":4},"end":{"line":56,"column":9}},"4":{"start":{"line":21,"column":8},"end":{"line":21,"column":19}},"5":{"start":{"line":23,"column":8},"end":{"line":35,"column":13}},"6":{"start":{"line":24,"column":12},"end":{"line":34,"column":13}},"7":{"start":{"line":25,"column":16},"end":{"line":28,"column":30}},"8":{"start":{"line":30,"column":16},"end":{"line":33,"column":27}},"9":{"start":{"line":37,"column":8},"end":{"line":39,"column":21}},"10":{"start":{"line":40,"column":8},"end":{"line":53,"column":9}},"11":{"start":{"line":43,"column":12},"end":{"line":46,"column":14}},"12":{"start":{"line":47,"column":12},"end":{"line":47,"column":18}},"13":{"start":{"line":50,"column":12},"end":{"line":51,"column":33}},"14":{"start":{"line":52,"column":12},"end":{"line":52,"column":18}},"15":{"start":{"line":55,"column":8},"end":{"line":55,"column":35}},"16":{"start":{"line":61,"column":4},"end":{"line":63,"column":9}},"17":{"start":{"line":62,"column":8},"end":{"line":62,"column":15}},"18":{"start":{"line":64,"column":4},"end":{"line":77,"column":5}},"19":{"start":{"line":70,"column":8},"end":{"line":70,"column":14}},"20":{"start":{"line":76,"column":8},"end":{"line":76,"column":14}},"21":{"start":{"line":82,"column":4},"end":{"line":84,"column":9}},"22":{"start":{"line":83,"column":8},"end":{"line":83,"column":15}},"23":{"start":{"line":85,"column":4},"end":{"line":194,"column":5}},"24":{"start":{"line":91,"column":8},"end":{"line":99,"column":10}},"25":{"start":{"line":98,"column":12},"end":{"line":98,"column":35}},"26":{"start":{"line":102,"column":8},"end":{"line":104,"column":63}},"27":{"start":{"line":105,"column":8},"end":{"line":105,"column":14}},"28":{"start":{"line":112,"column":8},"end":{"line":121,"column":10},"skip":true},"29":{"start":{"line":119,"column":12},"end":{"line":119,"column":55},"skip":true},"30":{"start":{"line":120,"column":12},"end":{"line":120,"column":48},"skip":true},"31":{"start":{"line":123,"column":8},"end":{"line":136,"column":10},"skip":true},"32":{"start":{"line":130,"column":12},"end":{"line":130,"column":76},"skip":true},"33":{"start":{"line":131,"column":12},"end":{"line":131,"column":73},"skip":true},"34":{"start":{"line":132,"column":12},"end":{"line":132,"column":74},"skip":true},"35":{"start":{"line":133,"column":12},"end":{"line":133,"column":79},"skip":true},"36":{"start":{"line":134,"column":12},"end":{"line":134,"column":25},"skip":true},"37":{"start":{"line":135,"column":12},"end":{"line":135,"column":45},"skip":true},"38":{"start":{"line":138,"column":8},"end":{"line":145,"column":14},"skip":true},"39":{"start":{"line":143,"column":16},"end":{"line":143,"column":29},"skip":true},"40":{"start":{"line":144,"column":16},"end":{"line":144,"column":55},"skip":true},"41":{"start":{"line":147,"column":8},"end":{"line":156,"column":10},"skip":true},"42":{"start":{"line":154,"column":12},"end":{"line":154,"column":25},"skip":true},"43":{"start":{"line":155,"column":12},"end":{"line":155,"column":45},"skip":true},"44":{"start":{"line":158,"column":8},"end":{"line":167,"column":10},"skip":true},"45":{"start":{"line":165,"column":12},"end":{"line":165,"column":25},"skip":true},"46":{"start":{"line":166,"column":12},"end":{"line":166,"column":48},"skip":true},"47":{"start":{"line":169,"column":8},"end":{"line":178,"column":10},"skip":true},"48":{"start":{"line":176,"column":12},"end":{"line":176,"column":25},"skip":true},"49":{"start":{"line":177,"column":12},"end":{"line":177,"column":46},"skip":true},"50":{"start":{"line":180,"column":8},"end":{"line":189,"column":10},"skip":true},"51":{"start":{"line":187,"column":12},"end":{"line":187,"column":94},"skip":true},"52":{"start":{"line":188,"column":12},"end":{"line":188,"column":48},"skip":true},"53":{"start":{"line":192,"column":8},"end":{"line":192,"column":35},"skip":true},"54":{"start":{"line":193,"column":8},"end":{"line":193,"column":14},"skip":true}},"branchMap":{"1":{"line":25,"type":"binary-expr","locations":[{"start":{"line":25,"column":23},"end":{"line":25,"column":62}},{"start":{"line":26,"column":20},"end":{"line":26,"column":70}},{"start":{"line":27,"column":20},"end":{"line":27,"column":71}},{"start":{"line":28,"column":20},"end":{"line":28,"column":29}}]},"2":{"line":30,"type":"binary-expr","locations":[{"start":{"line":30,"column":23},"end":{"line":30,"column":37}},{"start":{"line":31,"column":20},"end":{"line":31,"column":61}},{"start":{"line":32,"column":20},"end":{"line":32,"column":70}},{"start":{"line":33,"column":20},"end":{"line":33,"column":26}}]},"3":{"line":37,"type":"cond-expr","locations":[{"start":{"line":38,"column":14},"end":{"line":38,"column":20}},{"start":{"line":39,"column":14},"end":{"line":39,"column":20}}]},"4":{"line":40,"type":"switch","locations":[{"start":{"line":42,"column":8},"end":{"line":47,"column":18}},{"start":{"line":49,"column":8},"end":{"line":52,"column":18}}]},"5":{"line":44,"type":"binary-expr","locations":[{"start":{"line":44,"column":16},"end":{"line":44,"column":44}},{"start":{"line":44,"column":48},"end":{"line":44,"column":66}}]},"6":{"line":50,"type":"binary-expr","locations":[{"start":{"line":50,"column":21},"end":{"line":50,"column":49}},{"start":{"line":50,"column":53},"end":{"line":50,"column":72}}]},"7":{"line":64,"type":"switch","locations":[{"start":{"line":69,"column":4},"end":{"line":70,"column":14}},{"start":{"line":75,"column":4},"end":{"line":76,"column":14}}]},"8":{"line":85,"type":"switch","locations":[{"start":{"line":90,"column":4},"end":{"line":105,"column":14}},{"start":{"line":111,"column":4},"end":{"line":193,"column":14},"skip":true}]},"9":{"line":91,"type":"binary-expr","locations":[{"start":{"line":91,"column":42},"end":{"line":91,"column":73}},{"start":{"line":91,"column":77},"end":{"line":99,"column":9}}]},"10":{"line":102,"type":"binary-expr","locations":[{"start":{"line":102,"column":18},"end":{"line":102,"column":32}},{"start":{"line":103,"column":12},"end":{"line":103,"column":53}},{"start":{"line":104,"column":12},"end":{"line":104,"column":61}}]},"11":{"line":112,"type":"binary-expr","locations":[{"start":{"line":112,"column":45},"end":{"line":112,"column":79},"skip":true},{"start":{"line":112,"column":83},"end":{"line":121,"column":9},"skip":true}]},"12":{"line":123,"type":"binary-expr","locations":[{"start":{"line":123,"column":42},"end":{"line":123,"column":73},"skip":true},{"start":{"line":123,"column":77},"end":{"line":136,"column":9},"skip":true}]},"13":{"line":138,"type":"binary-expr","locations":[{"start":{"line":138,"column":48},"end":{"line":138,"column":85},"skip":true},{"start":{"line":139,"column":12},"end":{"line":145,"column":13},"skip":true}]},"14":{"line":147,"type":"binary-expr","locations":[{"start":{"line":147,"column":42},"end":{"line":147,"column":73},"skip":true},{"start":{"line":147,"column":77},"end":{"line":156,"column":9},"skip":true}]},"15":{"line":158,"type":"binary-expr","locations":[{"start":{"line":158,"column":45},"end":{"line":158,"column":79},"skip":true},{"start":{"line":158,"column":83},"end":{"line":167,"column":9},"skip":true}]},"16":{"line":169,"type":"binary-expr","locations":[{"start":{"line":169,"column":43},"end":{"line":169,"column":75},"skip":true},{"start":{"line":169,"column":79},"end":{"line":178,"column":9},"skip":true}]},"17":{"line":180,"type":"binary-expr","locations":[{"start":{"line":180,"column":41},"end":{"line":180,"column":71},"skip":true},{"start":{"line":180,"column":75},"end":{"line":189,"column":9},"skip":true}]}},"code":["/* istanbul instrument in package npmtest_blueimp_file_upload */","/*jslint","    bitwise: true,","    browser: true,","    maxerr: 8,","    maxlen: 96,","    node: true,","    nomen: true,","    regexp: true,","    stupid: true","*/","(function () {","    'use strict';","    var local;","","","","    // run shared js-env code - init-before","    (function () {","        // init local","        local = {};","        // init modeJs","        local.modeJs = (function () {","            try {","                return typeof navigator.userAgent === 'string' &&","                    typeof document.querySelector('body') === 'object' &&","                    typeof XMLHttpRequest.prototype.open === 'function' &&","                    'browser';","            } catch (errorCaughtBrowser) {","                return module.exports &&","                    typeof process.versions.node === 'string' &&","                    typeof require('http').createServer === 'function' &&","                    'node';","            }","        }());","        // init global","        local.global = local.modeJs === 'browser'","            ? window","            : global;","        switch (local.modeJs) {","        // re-init local from window.local","        case 'browser':","            local = local.global.utility2.objectSetDefault(","                local.global.utility2_rollup || local.global.local,","                local.global.utility2","            );","            break;","        // re-init local from example.js","        case 'node':","            local = (local.global.utility2_rollup || require('utility2'))","                .requireReadme();","            break;","        }","        // export local","        local.global.local = local;","    }());","","","","    // run shared js-env code - function","    (function () {","        return;","    }());","    switch (local.modeJs) {","","","","    // run browser js-env code - function","    case 'browser':","        break;","","","","    // run node js-env code - function","    case 'node':","        break;","    }","","","","    // run shared js-env code - init-after","    (function () {","        return;","    }());","    switch (local.modeJs) {","","","","    // run browser js-env code - init-after","    case 'browser':","        local.testCase_browser_nullCase = local.testCase_browser_nullCase || function (","            options,","            onError","        ) {","        /*","         * this function will test browsers's null-case handling-behavior-behavior","         */","            onError(null, options);","        };","","        // run tests","        local.nop(local.modeTest &&","            document.querySelector('#testRunButton1') &&","            document.querySelector('#testRunButton1').click());","        break;","","","","    // run node js-env code - init-after","    /* istanbul ignore next */","    case 'node':","        local.testCase_buildApidoc_default = local.testCase_buildApidoc_default || function (","            options,","            onError","        ) {","        /*","         * this function will test buildApidoc's default handling-behavior-behavior","         */","            options = { modulePathList: module.paths };","            local.buildApidoc(options, onError);","        };","","        local.testCase_buildApp_default = local.testCase_buildApp_default || function (","            options,","            onError","        ) {","        /*","         * this function will test buildApp's default handling-behavior-behavior","         */","            local.testCase_buildReadme_default(options, local.onErrorThrow);","            local.testCase_buildLib_default(options, local.onErrorThrow);","            local.testCase_buildTest_default(options, local.onErrorThrow);","            local.testCase_buildCustomOrg_default(options, local.onErrorThrow);","            options = [];","            local.buildApp(options, onError);","        };","","        local.testCase_buildCustomOrg_default = local.testCase_buildCustomOrg_default ||","            function (options, onError) {","            /*","             * this function will test buildCustomOrg's default handling-behavior","             */","                options = {};","                local.buildCustomOrg(options, onError);","            };","","        local.testCase_buildLib_default = local.testCase_buildLib_default || function (","            options,","            onError","        ) {","        /*","         * this function will test buildLib's default handling-behavior","         */","            options = {};","            local.buildLib(options, onError);","        };","","        local.testCase_buildReadme_default = local.testCase_buildReadme_default || function (","            options,","            onError","        ) {","        /*","         * this function will test buildReadme's default handling-behavior-behavior","         */","            options = {};","            local.buildReadme(options, onError);","        };","","        local.testCase_buildTest_default = local.testCase_buildTest_default || function (","            options,","            onError","        ) {","        /*","         * this function will test buildTest's default handling-behavior","         */","            options = {};","            local.buildTest(options, onError);","        };","","        local.testCase_webpage_default = local.testCase_webpage_default || function (","            options,","            onError","        ) {","        /*","         * this function will test webpage's default handling-behavior","         */","            options = { modeCoverageMerge: true, url: local.serverLocalHost + '?modeTest=1' };","            local.browserTest(options, onError);","        };","","        // run test-server","        local.testRunServer(local);","        break;","    }","}());",""],"l":{"12":2,"14":2,"19":2,"21":2,"23":2,"24":2,"25":2,"30":1,"37":2,"40":2,"43":1,"47":1,"50":1,"52":1,"55":2,"61":2,"62":2,"64":2,"70":1,"76":1,"82":2,"83":2,"85":2,"91":1,"98":1,"102":1,"105":1,"112":1,"119":1,"120":1,"123":1,"130":1,"131":1,"132":1,"133":1,"134":1,"135":1,"138":1,"143":2,"144":2,"147":1,"154":2,"155":2,"158":1,"165":2,"166":2,"169":1,"176":2,"177":2,"180":1,"187":1,"188":1,"192":1,"193":1}},"/home/travis/build/npmtest/node-npmtest-blueimp-file-upload/lib.npmtest_blueimp_file_upload.js":{"path":"/home/travis/build/npmtest/node-npmtest-blueimp-file-upload/lib.npmtest_blueimp_file_upload.js","s":{"1":2,"2":2,"3":2,"4":2,"5":2,"6":2,"7":2,"8":1,"9":2,"10":2,"11":2,"12":2,"13":1,"14":1,"15":1,"16":1},"b":{"1":[2,1,1,1],"2":[1,1,1,1],"3":[1,1],"4":[2,2],"5":[1,1]},"f":{"1":2,"2":2,"3":2},"fnMap":{"1":{"name":"(anonymous_1)","line":12,"loc":{"start":{"line":12,"column":1},"end":{"line":12,"column":13}}},"2":{"name":"(anonymous_2)","line":19,"loc":{"start":{"line":19,"column":5},"end":{"line":19,"column":17}}},"3":{"name":"(anonymous_3)","line":23,"loc":{"start":{"line":23,"column":24},"end":{"line":23,"column":36}}}},"statementMap":{"1":{"start":{"line":12,"column":0},"end":{"line":53,"column":5}},"2":{"start":{"line":14,"column":4},"end":{"line":14,"column":14}},"3":{"start":{"line":19,"column":4},"end":{"line":52,"column":9}},"4":{"start":{"line":21,"column":8},"end":{"line":21,"column":19}},"5":{"start":{"line":23,"column":8},"end":{"line":35,"column":13}},"6":{"start":{"line":24,"column":12},"end":{"line":34,"column":13}},"7":{"start":{"line":25,"column":16},"end":{"line":28,"column":30}},"8":{"start":{"line":30,"column":16},"end":{"line":33,"column":27}},"9":{"start":{"line":37,"column":8},"end":{"line":39,"column":21}},"10":{"start":{"line":41,"column":8},"end":{"line":41,"column":54}},"11":{"start":{"line":43,"column":8},"end":{"line":43,"column":64}},"12":{"start":{"line":45,"column":8},"end":{"line":51,"column":9}},"13":{"start":{"line":46,"column":12},"end":{"line":46,"column":70}},"14":{"start":{"line":48,"column":12},"end":{"line":48,"column":35}},"15":{"start":{"line":49,"column":12},"end":{"line":49,"column":49}},"16":{"start":{"line":50,"column":12},"end":{"line":50,"column":43}}},"branchMap":{"1":{"line":25,"type":"binary-expr","locations":[{"start":{"line":25,"column":23},"end":{"line":25,"column":62}},{"start":{"line":26,"column":20},"end":{"line":26,"column":70}},{"start":{"line":27,"column":20},"end":{"line":27,"column":71}},{"start":{"line":28,"column":20},"end":{"line":28,"column":29}}]},"2":{"line":30,"type":"binary-expr","locations":[{"start":{"line":30,"column":23},"end":{"line":30,"column":37}},{"start":{"line":31,"column":20},"end":{"line":31,"column":61}},{"start":{"line":32,"column":20},"end":{"line":32,"column":70}},{"start":{"line":33,"column":20},"end":{"line":33,"column":26}}]},"3":{"line":37,"type":"cond-expr","locations":[{"start":{"line":38,"column":14},"end":{"line":38,"column":20}},{"start":{"line":39,"column":14},"end":{"line":39,"column":20}}]},"4":{"line":41,"type":"binary-expr","locations":[{"start":{"line":41,"column":16},"end":{"line":41,"column":44}},{"start":{"line":41,"column":48},"end":{"line":41,"column":53}}]},"5":{"line":45,"type":"if","locations":[{"start":{"line":45,"column":8},"end":{"line":45,"column":8}},{"start":{"line":45,"column":8},"end":{"line":45,"column":8}}]}},"code":["/* istanbul instrument in package npmtest_blueimp_file_upload */","/*jslint","    bitwise: true,","    browser: true,","    maxerr: 8,","    maxlen: 96,","    node: true,","    nomen: true,","    regexp: true,","    stupid: true","*/","(function () {","    'use strict';","    var local;","","","","    // run shared js-env code - init-before","    (function () {","        // init local","        local = {};","        // init modeJs","        local.modeJs = (function () {","            try {","                return typeof navigator.userAgent === 'string' &&","                    typeof document.querySelector('body') === 'object' &&","                    typeof XMLHttpRequest.prototype.open === 'function' &&","                    'browser';","            } catch (errorCaughtBrowser) {","                return module.exports &&","                    typeof process.versions.node === 'string' &&","                    typeof require('http').createServer === 'function' &&","                    'node';","            }","        }());","        // init global","        local.global = local.modeJs === 'browser'","            ? window","            : global;","        // init utility2_rollup","        local = local.global.utility2_rollup || local;","        // init lib","        local.local = local.npmtest_blueimp_file_upload = local;","        // init exports","        if (local.modeJs === 'browser') {","            local.global.utility2_npmtest_blueimp_file_upload = local;","        } else {","            module.exports = local;","            module.exports.__dirname = __dirname;","            module.exports.module = module;","        }","    }());","}());",""],"l":{"12":2,"14":2,"19":2,"21":2,"23":2,"24":2,"25":2,"30":1,"37":2,"41":2,"43":2,"45":2,"46":1,"48":1,"49":1,"50":1}},"/home/travis/build/npmtest/node-npmtest-blueimp-file-upload/example.js":{"path":"/home/travis/build/npmtest/node-npmtest-blueimp-file-upload/example.js","s":{"1":2,"2":2,"3":2,"4":2,"5":2,"6":2,"7":2,"8":1,"9":2,"10":2,"11":2,"12":2,"13":1,"14":2,"15":2,"16":2,"17":2,"18":2,"19":0,"20":2,"21":1,"22":1,"23":1,"24":1,"25":1,"26":0,"27":0,"28":1,"29":1,"30":2,"31":0,"32":0,"33":0,"34":1,"35":2,"36":2,"37":3,"38":3,"39":3,"40":3,"41":0,"42":3,"43":3,"44":3,"45":1,"46":3,"47":1,"48":1,"49":1,"50":1,"51":1,"52":1,"53":1,"54":1,"55":1,"56":1,"57":0,"58":1,"59":6,"60":6,"61":1,"62":2,"63":0,"64":2,"65":1,"66":1,"67":0,"68":0,"69":0,"70":0,"71":0,"72":0,"73":0,"74":0,"75":0,"76":0,"77":0,"78":0,"79":0,"80":0,"81":0,"82":0,"83":0},"b":{"1":[2,1,1,1],"2":[1,1,1,1],"3":[1,1],"4":[2,2],"5":[1,1],"6":[1,1],"7":[2,0],"8":[2,1,1,1,1,1],"9":[0,2,0],"10":[1,1],"11":[2,1,1],"12":[1,0],"13":[0,2],"14":[2,0,0,0,0,0,0],"15":[0,3],"16":[3,0],"17":[1,1],"18":[0,1],"19":[1,2,0,2],"20":[1,0],"21":[1,1],"22":[0,0],"23":[0,0],"24":[0,0],"25":[0,0],"26":[0,0],"27":[0,0],"28":[0,0]},"f":{"1":2,"2":2,"3":2,"4":2,"5":2,"6":2,"7":3,"8":3,"9":3,"10":1,"11":6,"12":0},"fnMap":{"1":{"name":"(anonymous_1)","line":26,"loc":{"start":{"line":26,"column":1},"end":{"line":26,"column":13}}},"2":{"name":"(anonymous_2)","line":33,"loc":{"start":{"line":33,"column":5},"end":{"line":33,"column":17}}},"3":{"name":"(anonymous_3)","line":37,"loc":{"start":{"line":37,"column":24},"end":{"line":37,"column":36}}},"4":{"name":"(anonymous_4)","line":69,"loc":{"start":{"line":69,"column":31},"end":{"line":69,"column":48}},"skip":true},"5":{"name":"(anonymous_5)","line":78,"loc":{"start":{"line":78,"column":26},"end":{"line":78,"column":45}},"skip":true},"6":{"name":"(anonymous_6)","line":123,"loc":{"start":{"line":123,"column":33},"end":{"line":123,"column":48}},"skip":true},"7":{"name":"(anonymous_7)","line":125,"loc":{"start":{"line":125,"column":27},"end":{"line":125,"column":39}},"skip":true},"8":{"name":"(anonymous_8)","line":133,"loc":{"start":{"line":133,"column":59},"end":{"line":133,"column":74}},"skip":true},"9":{"name":"(anonymous_9)","line":143,"loc":{"start":{"line":143,"column":45},"end":{"line":143,"column":62}},"skip":true},"10":{"name":"(anonymous_10)","line":144,"loc":{"start":{"line":144,"column":73},"end":{"line":144,"column":92}},"skip":true},"11":{"name":"(anonymous_11)","line":272,"loc":{"start":{"line":272,"column":51},"end":{"line":272,"column":77}},"skip":true},"12":{"name":"(anonymous_12)","line":315,"loc":{"start":{"line":315,"column":32},"end":{"line":315,"column":61}},"skip":true}},"statementMap":{"1":{"start":{"line":26,"column":0},"end":{"line":326,"column":5}},"2":{"start":{"line":28,"column":4},"end":{"line":28,"column":14}},"3":{"start":{"line":33,"column":4},"end":{"line":60,"column":9}},"4":{"start":{"line":35,"column":8},"end":{"line":35,"column":19}},"5":{"start":{"line":37,"column":8},"end":{"line":49,"column":13}},"6":{"start":{"line":38,"column":12},"end":{"line":48,"column":13}},"7":{"start":{"line":39,"column":16},"end":{"line":42,"column":30}},"8":{"start":{"line":44,"column":16},"end":{"line":47,"column":27}},"9":{"start":{"line":51,"column":8},"end":{"line":53,"column":21}},"10":{"start":{"line":55,"column":8},"end":{"line":57,"column":45}},"11":{"start":{"line":59,"column":8},"end":{"line":59,"column":35}},"12":{"start":{"line":61,"column":4},"end":{"line":325,"column":5}},"13":{"start":{"line":69,"column":8},"end":{"line":121,"column":10},"skip":true},"14":{"start":{"line":70,"column":12},"end":{"line":88,"column":13},"skip":true},"15":{"start":{"line":76,"column":16},"end":{"line":87,"column":19},"skip":true},"16":{"start":{"line":79,"column":20},"end":{"line":86,"column":21},"skip":true},"17":{"start":{"line":82,"column":24},"end":{"line":82,"column":43},"skip":true},"18":{"start":{"line":83,"column":24},"end":{"line":83,"column":30},"skip":true},"19":{"start":{"line":85,"column":24},"end":{"line":85,"column":49},"skip":true},"20":{"start":{"line":89,"column":12},"end":{"line":107,"column":13},"skip":true},"21":{"start":{"line":92,"column":16},"end":{"line":102,"column":17},"skip":true},"22":{"start":{"line":93,"column":20},"end":{"line":93,"column":86},"skip":true},"23":{"start":{"line":94,"column":20},"end":{"line":95,"column":45},"skip":true},"24":{"start":{"line":96,"column":20},"end":{"line":96,"column":42},"skip":true},"25":{"start":{"line":97,"column":20},"end":{"line":97,"column":48},"skip":true},"26":{"start":{"line":100,"column":20},"end":{"line":100,"column":85},"skip":true},"27":{"start":{"line":101,"column":20},"end":{"line":101,"column":96},"skip":true},"28":{"start":{"line":103,"column":16},"end":{"line":103,"column":22},"skip":true},"29":{"start":{"line":106,"column":16},"end":{"line":106,"column":22},"skip":true},"30":{"start":{"line":108,"column":12},"end":{"line":120,"column":13},"skip":true},"31":{"start":{"line":114,"column":16},"end":{"line":119,"column":17},"skip":true},"32":{"start":{"line":116,"column":20},"end":{"line":116,"column":78},"skip":true},"33":{"start":{"line":118,"column":20},"end":{"line":118,"column":47},"skip":true},"34":{"start":{"line":123,"column":8},"end":{"line":141,"column":11},"skip":true},"35":{"start":{"line":124,"column":12},"end":{"line":124,"column":54},"skip":true},"36":{"start":{"line":125,"column":12},"end":{"line":140,"column":14},"skip":true},"37":{"start":{"line":126,"column":16},"end":{"line":126,"column":28},"skip":true},"38":{"start":{"line":127,"column":16},"end":{"line":127,"column":69},"skip":true},"39":{"start":{"line":128,"column":16},"end":{"line":128,"column":75},"skip":true},"40":{"start":{"line":129,"column":16},"end":{"line":131,"column":17},"skip":true},"41":{"start":{"line":130,"column":20},"end":{"line":130,"column":27},"skip":true},"42":{"start":{"line":133,"column":16},"end":{"line":137,"column":36},"skip":true},"43":{"start":{"line":134,"column":20},"end":{"line":136,"column":55},"skip":true},"44":{"start":{"line":139,"column":16},"end":{"line":139,"column":57},"skip":true},"45":{"start":{"line":143,"column":8},"end":{"line":147,"column":11},"skip":true},"46":{"start":{"line":144,"column":12},"end":{"line":146,"column":15},"skip":true},"47":{"start":{"line":145,"column":16},"end":{"line":145,"column":70},"skip":true},"48":{"start":{"line":149,"column":8},"end":{"line":149,"column":31},"skip":true},"49":{"start":{"line":150,"column":8},"end":{"line":150,"column":14},"skip":true},"50":{"start":{"line":158,"column":8},"end":{"line":158,"column":31},"skip":true},"51":{"start":{"line":160,"column":8},"end":{"line":160,"column":33},"skip":true},"52":{"start":{"line":161,"column":8},"end":{"line":161,"column":37},"skip":true},"53":{"start":{"line":162,"column":8},"end":{"line":162,"column":35},"skip":true},"54":{"start":{"line":164,"column":8},"end":{"line":164,"column":50},"skip":true},"55":{"start":{"line":166,"column":8},"end":{"line":256,"column":2},"skip":true},"56":{"start":{"line":258,"column":8},"end":{"line":286,"column":9},"skip":true},"57":{"start":{"line":259,"column":12},"end":{"line":269,"column":14},"skip":true},"58":{"start":{"line":271,"column":12},"end":{"line":285,"column":19},"skip":true},"59":{"start":{"line":274,"column":20},"end":{"line":274,"column":35},"skip":true},"60":{"start":{"line":275,"column":20},"end":{"line":284,"column":21},"skip":true},"61":{"start":{"line":277,"column":24},"end":{"line":277,"column":64},"skip":true},"62":{"start":{"line":279,"column":24},"end":{"line":279,"column":40},"skip":true},"63":{"start":{"line":281,"column":24},"end":{"line":281,"column":40},"skip":true},"64":{"start":{"line":283,"column":24},"end":{"line":283,"column":39},"skip":true},"65":{"start":{"line":288,"column":8},"end":{"line":290,"column":9},"skip":true},"66":{"start":{"line":289,"column":12},"end":{"line":289,"column":18},"skip":true},"67":{"start":{"line":291,"column":8},"end":{"line":293,"column":54},"skip":true},"68":{"start":{"line":296,"column":8},"end":{"line":301,"column":37},"skip":true},"69":{"start":{"line":303,"column":8},"end":{"line":303,"column":82},"skip":true},"70":{"start":{"line":306,"column":8},"end":{"line":308,"column":9},"skip":true},"71":{"start":{"line":307,"column":12},"end":{"line":307,"column":82},"skip":true},"72":{"start":{"line":310,"column":8},"end":{"line":312,"column":9},"skip":true},"73":{"start":{"line":311,"column":12},"end":{"line":311,"column":18},"skip":true},"74":{"start":{"line":313,"column":8},"end":{"line":313,"column":54},"skip":true},"75":{"start":{"line":314,"column":8},"end":{"line":314,"column":69},"skip":true},"76":{"start":{"line":315,"column":8},"end":{"line":323,"column":36},"skip":true},"77":{"start":{"line":316,"column":12},"end":{"line":316,"column":61},"skip":true},"78":{"start":{"line":317,"column":12},"end":{"line":320,"column":13},"skip":true},"79":{"start":{"line":318,"column":16},"end":{"line":318,"column":75},"skip":true},"80":{"start":{"line":319,"column":16},"end":{"line":319,"column":23},"skip":true},"81":{"start":{"line":321,"column":12},"end":{"line":321,"column":38},"skip":true},"82":{"start":{"line":322,"column":12},"end":{"line":322,"column":27},"skip":true},"83":{"start":{"line":324,"column":8},"end":{"line":324,"column":14},"skip":true}},"branchMap":{"1":{"line":39,"type":"binary-expr","locations":[{"start":{"line":39,"column":23},"end":{"line":39,"column":62}},{"start":{"line":40,"column":20},"end":{"line":40,"column":70}},{"start":{"line":41,"column":20},"end":{"line":41,"column":71}},{"start":{"line":42,"column":20},"end":{"line":42,"column":29}}]},"2":{"line":44,"type":"binary-expr","locations":[{"start":{"line":44,"column":23},"end":{"line":44,"column":37}},{"start":{"line":45,"column":20},"end":{"line":45,"column":61}},{"start":{"line":46,"column":20},"end":{"line":46,"column":70}},{"start":{"line":47,"column":20},"end":{"line":47,"column":26}}]},"3":{"line":51,"type":"cond-expr","locations":[{"start":{"line":52,"column":14},"end":{"line":52,"column":20}},{"start":{"line":53,"column":14},"end":{"line":53,"column":20}}]},"4":{"line":55,"type":"binary-expr","locations":[{"start":{"line":55,"column":16},"end":{"line":55,"column":44}},{"start":{"line":55,"column":49},"end":{"line":57,"column":43}}]},"5":{"line":55,"type":"cond-expr","locations":[{"start":{"line":56,"column":14},"end":{"line":56,"column":63}},{"start":{"line":57,"column":14},"end":{"line":57,"column":43}}]},"6":{"line":61,"type":"switch","locations":[{"start":{"line":68,"column":4},"end":{"line":150,"column":14},"skip":true},{"start":{"line":156,"column":4},"end":{"line":324,"column":14},"skip":true}]},"7":{"line":70,"type":"if","locations":[{"start":{"line":70,"column":12},"end":{"line":70,"column":12},"skip":true},{"start":{"line":70,"column":12},"end":{"line":70,"column":12},"skip":true}]},"8":{"line":70,"type":"binary-expr","locations":[{"start":{"line":70,"column":16},"end":{"line":70,"column":22},"skip":true},{"start":{"line":70,"column":27},"end":{"line":70,"column":32},"skip":true},{"start":{"line":71,"column":20},"end":{"line":71,"column":39},"skip":true},{"start":{"line":72,"column":20},"end":{"line":72,"column":49},"skip":true},{"start":{"line":73,"column":20},"end":{"line":73,"column":58},"skip":true},{"start":{"line":74,"column":20},"end":{"line":74,"column":69},"skip":true}]},"9":{"line":79,"type":"switch","locations":[{"start":{"line":80,"column":20},"end":{"line":80,"column":33},"skip":true},{"start":{"line":81,"column":20},"end":{"line":83,"column":30},"skip":true},{"start":{"line":84,"column":20},"end":{"line":85,"column":49},"skip":true}]},"10":{"line":89,"type":"switch","locations":[{"start":{"line":90,"column":12},"end":{"line":103,"column":22},"skip":true},{"start":{"line":105,"column":12},"end":{"line":106,"column":22},"skip":true}]},"11":{"line":89,"type":"binary-expr","locations":[{"start":{"line":89,"column":20},"end":{"line":89,"column":25},"skip":true},{"start":{"line":89,"column":29},"end":{"line":89,"column":48},"skip":true},{"start":{"line":89,"column":52},"end":{"line":89,"column":74},"skip":true}]},"12":{"line":92,"type":"if","locations":[{"start":{"line":92,"column":16},"end":{"line":92,"column":16},"skip":true},{"start":{"line":92,"column":16},"end":{"line":92,"column":16},"skip":true}]},"13":{"line":108,"type":"if","locations":[{"start":{"line":108,"column":12},"end":{"line":108,"column":12},"skip":true},{"start":{"line":108,"column":12},"end":{"line":108,"column":12},"skip":true}]},"14":{"line":108,"type":"binary-expr","locations":[{"start":{"line":108,"column":16},"end":{"line":108,"column":61},"skip":true},{"start":{"line":108,"column":66},"end":{"line":108,"column":72},"skip":true},{"start":{"line":108,"column":77},"end":{"line":108,"column":82},"skip":true},{"start":{"line":109,"column":20},"end":{"line":109,"column":39},"skip":true},{"start":{"line":110,"column":20},"end":{"line":110,"column":49},"skip":true},{"start":{"line":111,"column":20},"end":{"line":111,"column":58},"skip":true},{"start":{"line":112,"column":20},"end":{"line":112,"column":68},"skip":true}]},"15":{"line":129,"type":"if","locations":[{"start":{"line":129,"column":16},"end":{"line":129,"column":16},"skip":true},{"start":{"line":129,"column":16},"end":{"line":129,"column":16},"skip":true}]},"16":{"line":134,"type":"cond-expr","locations":[{"start":{"line":135,"column":26},"end":{"line":135,"column":29},"skip":true},{"start":{"line":136,"column":26},"end":{"line":136,"column":54},"skip":true}]},"17":{"line":164,"type":"binary-expr","locations":[{"start":{"line":164,"column":27},"end":{"line":164,"column":43},"skip":true},{"start":{"line":164,"column":47},"end":{"line":164,"column":49},"skip":true}]},"18":{"line":258,"type":"if","locations":[{"start":{"line":258,"column":8},"end":{"line":258,"column":8},"skip":true},{"start":{"line":258,"column":8},"end":{"line":258,"column":8},"skip":true}]},"19":{"line":275,"type":"switch","locations":[{"start":{"line":276,"column":20},"end":{"line":277,"column":64},"skip":true},{"start":{"line":278,"column":20},"end":{"line":279,"column":40},"skip":true},{"start":{"line":280,"column":20},"end":{"line":281,"column":40},"skip":true},{"start":{"line":282,"column":20},"end":{"line":283,"column":39},"skip":true}]},"20":{"line":288,"type":"if","locations":[{"start":{"line":288,"column":8},"end":{"line":288,"column":8},"skip":true},{"start":{"line":288,"column":8},"end":{"line":288,"column":8},"skip":true}]},"21":{"line":288,"type":"binary-expr","locations":[{"start":{"line":288,"column":12},"end":{"line":288,"column":40},"skip":true},{"start":{"line":288,"column":44},"end":{"line":288,"column":67},"skip":true}]},"22":{"line":292,"type":"binary-expr","locations":[{"start":{"line":292,"column":12},"end":{"line":292,"column":50},"skip":true},{"start":{"line":293,"column":12},"end":{"line":293,"column":53},"skip":true}]},"23":{"line":297,"type":"binary-expr","locations":[{"start":{"line":297,"column":12},"end":{"line":297,"column":77},"skip":true},{"start":{"line":298,"column":12},"end":{"line":301,"column":36},"skip":true}]},"24":{"line":303,"type":"binary-expr","locations":[{"start":{"line":303,"column":43},"end":{"line":303,"column":75},"skip":true},{"start":{"line":303,"column":79},"end":{"line":303,"column":81},"skip":true}]},"25":{"line":306,"type":"if","locations":[{"start":{"line":306,"column":8},"end":{"line":306,"column":8},"skip":true},{"start":{"line":306,"column":8},"end":{"line":306,"column":8},"skip":true}]},"26":{"line":310,"type":"if","locations":[{"start":{"line":310,"column":8},"end":{"line":310,"column":8},"skip":true},{"start":{"line":310,"column":8},"end":{"line":310,"column":8},"skip":true}]},"27":{"line":313,"type":"binary-expr","locations":[{"start":{"line":313,"column":27},"end":{"line":313,"column":43},"skip":true},{"start":{"line":313,"column":47},"end":{"line":313,"column":53},"skip":true}]},"28":{"line":317,"type":"if","locations":[{"start":{"line":317,"column":12},"end":{"line":317,"column":12},"skip":true},{"start":{"line":317,"column":12},"end":{"line":317,"column":12},"skip":true}]}},"code":["/*","example.js","","quickstart example","","instruction","    1. save this script as example.js","    2. run the shell command:","        $ npm install npmtest-blueimp-file-upload && PORT=8081 node example.js","    3. play with the browser-demo on http://127.0.0.1:8081","*/","","","","/* istanbul instrument in package npmtest_blueimp_file_upload */","/*jslint","    bitwise: true,","    browser: true,","    maxerr: 8,","    maxlen: 96,","    node: true,","    nomen: true,","    regexp: true,","    stupid: true","*/","(function () {","    'use strict';","    var local;","","","","    // run shared js-env code - init-before","    (function () {","        // init local","        local = {};","        // init modeJs","        local.modeJs = (function () {","            try {","                return typeof navigator.userAgent === 'string' &&","                    typeof document.querySelector('body') === 'object' &&","                    typeof XMLHttpRequest.prototype.open === 'function' &&","                    'browser';","            } catch (errorCaughtBrowser) {","                return module.exports &&","                    typeof process.versions.node === 'string' &&","                    typeof require('http').createServer === 'function' &&","                    'node';","            }","        }());","        // init global","        local.global = local.modeJs === 'browser'","            ? window","            : global;","        // init utility2_rollup","        local = local.global.utility2_rollup || (local.modeJs === 'browser'","            ? local.global.utility2_npmtest_blueimp_file_upload","            : global.utility2_moduleExports);","        // export local","        local.global.local = local;","    }());","    switch (local.modeJs) {","","","","    // init-after","    // run browser js-env code - init-after","    /* istanbul ignore next */","    case 'browser':","        local.testRunBrowser = function (event) {","            if (!event || (event &&","                    event.currentTarget &&","                    event.currentTarget.className &&","                    event.currentTarget.className.includes &&","                    event.currentTarget.className.includes('onreset'))) {","                // reset output","                Array.from(","                    document.querySelectorAll('body > .resettable')","                ).forEach(function (element) {","                    switch (element.tagName) {","                    case 'INPUT':","                    case 'TEXTAREA':","                        element.value = '';","                        break;","                    default:","                        element.textContent = '';","                    }","                });","            }","            switch (event && event.currentTarget && event.currentTarget.id) {","            case 'testRunButton1':","                // show tests","                if (document.querySelector('#testReportDiv1').style.display === 'none') {","                    document.querySelector('#testReportDiv1').style.display = 'block';","                    document.querySelector('#testRunButton1').textContent =","                        'hide internal test';","                    local.modeTest = true;","                    local.testRunDefault(local);","                // hide tests","                } else {","                    document.querySelector('#testReportDiv1').style.display = 'none';","                    document.querySelector('#testRunButton1').textContent = 'run internal test';","                }","                break;","            // custom-case","            default:","                break;","            }","            if (document.querySelector('#inputTextareaEval1') && (!event || (event &&","                    event.currentTarget &&","                    event.currentTarget.className &&","                    event.currentTarget.className.includes &&","                    event.currentTarget.className.includes('oneval')))) {","                // try to eval input-code","                try {","                    /*jslint evil: true*/","                    eval(document.querySelector('#inputTextareaEval1').value);","                } catch (errorCaught) {","                    console.error(errorCaught);","                }","            }","        };","        // log stderr and stdout to #outputTextareaStdout1","        ['error', 'log'].forEach(function (key) {","            console[key + '_original'] = console[key];","            console[key] = function () {","                var element;","                console[key + '_original'].apply(console, arguments);","                element = document.querySelector('#outputTextareaStdout1');","                if (!element) {","                    return;","                }","                // append text to #outputTextareaStdout1","                element.value += Array.from(arguments).map(function (arg) {","                    return typeof arg === 'string'","                        ? arg","                        : JSON.stringify(arg, null, 4);","                }).join(' ') + '\\n';","                // scroll textarea to bottom","                element.scrollTop = element.scrollHeight;","            };","        });","        // init event-handling","        ['change', 'click', 'keyup'].forEach(function (event) {","            Array.from(document.querySelectorAll('.on' + event)).forEach(function (element) {","                element.addEventListener(event, local.testRunBrowser);","            });","        });","        // run tests","        local.testRunBrowser();","        break;","","","","    // run node js-env code - init-after","    /* istanbul ignore next */","    case 'node':","        // export local","        module.exports = local;","        // require modules","        local.fs = require('fs');","        local.http = require('http');","        local.url = require('url');","        // init assets","        local.assetsDict = local.assetsDict || {};","        /* jslint-ignore-begin */","        local.assetsDict['/assets.index.template.html'] = '\\","<!doctype html>\\n\\","<html lang=\"en\">\\n\\","<head>\\n\\","<meta charset=\"UTF-8\">\\n\\","<meta name=\"viewport\" content=\"width=device-width, initial-scale=1\">\\n\\","<title>{{env.npm_package_name}} (v{{env.npm_package_version}})</title>\\n\\","<style>\\n\\","/*csslint\\n\\","    box-sizing: false,\\n\\","    universal-selector: false\\n\\","*/\\n\\","* {\\n\\","    box-sizing: border-box;\\n\\","}\\n\\","body {\\n\\","    background: #dde;\\n\\","    font-family: Arial, Helvetica, sans-serif;\\n\\","    margin: 2rem;\\n\\","}\\n\\","body > * {\\n\\","    margin-bottom: 1rem;\\n\\","}\\n\\",".utility2FooterDiv {\\n\\","    margin-top: 20px;\\n\\","    text-align: center;\\n\\","}\\n\\","</style>\\n\\","<style>\\n\\","/*csslint\\n\\","*/\\n\\","textarea {\\n\\","    font-family: monospace;\\n\\","    height: 10rem;\\n\\","    width: 100%;\\n\\","}\\n\\","textarea[readonly] {\\n\\","    background: #ddd;\\n\\","}\\n\\","</style>\\n\\","</head>\\n\\","<body>\\n\\","<!-- utility2-comment\\n\\","<div id=\"ajaxProgressDiv1\" style=\"background: #d00; height: 2px; left: 0; margin: 0; padding: 0; position: fixed; top: 0; transition: background 0.5s, width 1.5s; width: 25%;\"></div>\\n\\","utility2-comment -->\\n\\","<h1>\\n\\","<!-- utility2-comment\\n\\","    <a\\n\\","        {{#if env.npm_package_homepage}}\\n\\","        href=\"{{env.npm_package_homepage}}\"\\n\\","        {{/if env.npm_package_homepage}}\\n\\","        target=\"_blank\"\\n\\","    >\\n\\","utility2-comment -->\\n\\","        {{env.npm_package_name}} (v{{env.npm_package_version}})\\n\\","<!-- utility2-comment\\n\\","    </a>\\n\\","utility2-comment -->\\n\\","</h1>\\n\\","<h3>{{env.npm_package_description}}</h3>\\n\\","<!-- utility2-comment\\n\\","<h4><a download href=\"assets.app.js\">download standalone app</a></h4>\\n\\","<button class=\"onclick onreset\" id=\"testRunButton1\">run internal test</button><br>\\n\\","<div id=\"testReportDiv1\" style=\"display: none;\"></div>\\n\\","utility2-comment -->\\n\\","\\n\\","\\n\\","\\n\\","<label>stderr and stdout</label>\\n\\","<textarea class=\"resettable\" id=\"outputTextareaStdout1\" readonly></textarea>\\n\\","<!-- utility2-comment\\n\\","{{#if isRollup}}\\n\\","<script src=\"assets.app.js\"></script>\\n\\","{{#unless isRollup}}\\n\\","utility2-comment -->\\n\\","<script src=\"assets.utility2.rollup.js\"></script>\\n\\","<script src=\"jsonp.utility2._stateInit?callback=window.utility2._stateInit\"></script>\\n\\","<script src=\"assets.npmtest_blueimp_file_upload.rollup.js\"></script>\\n\\","<script src=\"assets.example.js\"></script>\\n\\","<script src=\"assets.test.js\"></script>\\n\\","<!-- utility2-comment\\n\\","{{/if isRollup}}\\n\\","utility2-comment -->\\n\\","<div class=\"utility2FooterDiv\">\\n\\","    [ this app was created with\\n\\","    <a href=\"https://github.com/kaizhu256/node-utility2\" target=\"_blank\">utility2</a>\\n\\","    ]\\n\\","</div>\\n\\","</body>\\n\\","</html>\\n\\","';","        /* jslint-ignore-end */","        if (local.templateRender) {","            local.assetsDict['/'] = local.templateRender(","                local.assetsDict['/assets.index.template.html'],","                {","                    env: local.objectSetDefault(local.env, {","                        npm_package_description: 'the greatest app in the world!',","                        npm_package_name: 'my-app',","                        npm_package_nameAlias: 'my_app',","                        npm_package_version: '0.0.1'","                    })","                }","            );","        } else {","            local.assetsDict['/'] = local.assetsDict['/assets.index.template.html']","                .replace((/\\{\\{env\\.(\\w+?)\\}\\}/g), function (match0, match1) {","                    // jslint-hack","                    String(match0);","                    switch (match1) {","                    case 'npm_package_description':","                        return 'the greatest app in the world!';","                    case 'npm_package_name':","                        return 'my-app';","                    case 'npm_package_nameAlias':","                        return 'my_app';","                    case 'npm_package_version':","                        return '0.0.1';","                    }","                });","        }","        // run the cli","        if (local.global.utility2_rollup || module !== require.main) {","            break;","        }","        local.assetsDict['/assets.example.js'] =","            local.assetsDict['/assets.example.js'] ||","            local.fs.readFileSync(__filename, 'utf8');","        // bug-workaround - long $npm_package_buildCustomOrg","        /* jslint-ignore-begin */","        local.assetsDict['/assets.npmtest_blueimp_file_upload.rollup.js'] =","            local.assetsDict['/assets.npmtest_blueimp_file_upload.rollup.js'] ||","            local.fs.readFileSync(","                local.npmtest_blueimp_file_upload.__dirname + '/lib.npmtest_blueimp_file_upload.js',","                'utf8'","            ).replace((/^#!/), '//');","        /* jslint-ignore-end */","        local.assetsDict['/favicon.ico'] = local.assetsDict['/favicon.ico'] || '';","        // if $npm_config_timeout_exit exists,","        // then exit this process after $npm_config_timeout_exit ms","        if (Number(process.env.npm_config_timeout_exit)) {","            setTimeout(process.exit, Number(process.env.npm_config_timeout_exit));","        }","        // start server","        if (local.global.utility2_serverHttp1) {","            break;","        }","        process.env.PORT = process.env.PORT || '8081';","        console.error('server starting on port ' + process.env.PORT);","        local.http.createServer(function (request, response) {","            request.urlParsed = local.url.parse(request.url);","            if (local.assetsDict[request.urlParsed.pathname] !== undefined) {","                response.end(local.assetsDict[request.urlParsed.pathname]);","                return;","            }","            response.statusCode = 404;","            response.end();","        }).listen(process.env.PORT);","        break;","    }","}());",""],"l":{"26":2,"28":2,"33":2,"35":2,"37":2,"38":2,"39":2,"44":1,"51":2,"55":2,"59":2,"61":2,"69":1,"70":2,"76":2,"79":2,"82":2,"83":2,"85":1,"89":2,"92":1,"93":1,"94":1,"96":1,"97":1,"100":1,"101":1,"103":1,"106":1,"108":2,"114":1,"116":1,"118":1,"123":1,"124":2,"125":2,"126":3,"127":3,"128":3,"129":3,"130":1,"133":3,"134":3,"139":3,"143":1,"144":3,"145":1,"149":1,"150":1,"158":1,"160":1,"161":1,"162":1,"164":1,"166":1,"258":1,"259":1,"271":1,"274":6,"275":6,"277":1,"279":2,"281":1,"283":2,"288":1,"289":1,"291":1,"296":1,"303":1,"306":1,"307":1,"310":1,"311":1,"313":1,"314":1,"315":1,"316":1,"317":1,"318":1,"319":1,"321":1,"322":1,"324":1}},"/home/travis/build/npmtest/node-npmtest-blueimp-file-upload/node_modules/blueimp-file-upload/js/jquery.fileupload.js":{"path":"/home/travis/build/npmtest/node-npmtest-blueimp-file-upload/node_modules/blueimp-file-upload/js/jquery.fileupload.js","s":{"1":2,"2":2,"3":0,"4":2,"5":2,"6":0,"7":0,"8":0,"9":0,"10":0,"11":1,"12":0,"13":0,"14":0,"15":0,"16":0,"17":0,"18":0,"19":0,"20":0,"21":0,"22":0,"23":0,"24":0,"25":0,"26":0,"27":0,"28":0,"29":0,"30":0,"31":0,"32":0,"33":0,"34":0,"35":0,"36":0,"37":0,"38":0,"39":0,"40":0,"41":0,"42":0,"43":0,"44":0,"45":0,"46":0,"47":0,"48":0,"49":0,"50":0,"51":0,"52":0,"53":0,"54":0,"55":0,"56":0,"57":0,"58":0,"59":0,"60":0,"61":0,"62":0,"63":0,"64":0,"65":0,"66":0,"67":0,"68":0,"69":0,"70":0,"71":0,"72":0,"73":0,"74":0,"75":0,"76":0,"77":0,"78":0,"79":0,"80":0,"81":0,"82":0,"83":0,"84":0,"85":0,"86":0,"87":0,"88":0,"89":0,"90":0,"91":0,"92":0,"93":0,"94":0,"95":0,"96":0,"97":0,"98":0,"99":0,"100":0,"101":0,"102":0,"103":0,"104":0,"105":0,"106":0,"107":0,"108":0,"109":0,"110":0,"111":0,"112":0,"113":0,"114":0,"115":0,"116":0,"117":0,"118":0,"119":0,"120":0,"121":0,"122":0,"123":0,"124":0,"125":0,"126":0,"127":0,"128":0,"129":0,"130":0,"131":0,"132":0,"133":0,"134":0,"135":0,"136":0,"137":0,"138":0,"139":0,"140":0,"141":0,"142":0,"143":0,"144":0,"145":0,"146":0,"147":0,"148":0,"149":0,"150":0,"151":0,"152":0,"153":0,"154":0,"155":0,"156":0,"157":0,"158":0,"159":0,"160":0,"161":0,"162":0,"163":0,"164":0,"165":0,"166":0,"167":0,"168":0,"169":0,"170":0,"171":0,"172":0,"173":0,"174":0,"175":0,"176":0,"177":0,"178":0,"179":0,"180":0,"181":0,"182":0,"183":0,"184":0,"185":0,"186":0,"187":0,"188":0,"189":0,"190":0,"191":0,"192":0,"193":0,"194":0,"195":0,"196":0,"197":0,"198":0,"199":0,"200":0,"201":0,"202":0,"203":0,"204":0,"205":0,"206":0,"207":0,"208":0,"209":0,"210":0,"211":0,"212":0,"213":0,"214":0,"215":0,"216":0,"217":0,"218":0,"219":0,"220":0,"221":0,"222":0,"223":0,"224":0,"225":0,"226":0,"227":0,"228":0,"229":0,"230":0,"231":0,"232":0,"233":0,"234":0,"235":0,"236":0,"237":0,"238":0,"239":0,"240":0,"241":0,"242":0,"243":0,"244":0,"245":0,"246":0,"247":0,"248":0,"249":0,"250":0,"251":0,"252":0,"253":0,"254":0,"255":0,"256":0,"257":0,"258":0,"259":0,"260":0,"261":0,"262":0,"263":0,"264":0,"265":0,"266":0,"267":0,"268":0,"269":0,"270":0,"271":0,"272":0,"273":0,"274":0,"275":0,"276":0,"277":0,"278":0,"279":0,"280":0,"281":0,"282":0,"283":0,"284":0,"285":0,"286":0,"287":0,"288":0,"289":0,"290":0,"291":0,"292":0,"293":0,"294":0,"295":0,"296":0,"297":0,"298":0,"299":0,"300":0,"301":0,"302":0,"303":0,"304":0,"305":0,"306":0,"307":0,"308":0,"309":0,"310":0,"311":0,"312":0,"313":0,"314":0,"315":0,"316":0,"317":0,"318":0,"319":0,"320":0,"321":0,"322":0,"323":0,"324":0,"325":0,"326":0,"327":0,"328":0,"329":0,"330":0,"331":0,"332":0,"333":0,"334":0,"335":0,"336":0,"337":0,"338":0,"339":0,"340":0,"341":0,"342":0,"343":0,"344":0,"345":0,"346":0,"347":0,"348":0,"349":0,"350":0,"351":0,"352":0,"353":0,"354":0,"355":0,"356":0,"357":0,"358":0,"359":0,"360":0,"361":0,"362":0,"363":0,"364":0,"365":0,"366":0,"367":0,"368":0,"369":0,"370":0,"371":0,"372":0,"373":0,"374":0,"375":0,"376":0,"377":0,"378":0,"379":0,"380":0,"381":0,"382":0,"383":0,"384":0,"385":0,"386":0,"387":0,"388":0,"389":0,"390":0,"391":0,"392":0,"393":0,"394":0,"395":0,"396":0,"397":0,"398":0,"399":0,"400":0,"401":0,"402":0,"403":0,"404":0,"405":0,"406":0,"407":0,"408":0,"409":0,"410":0,"411":0,"412":0,"413":0,"414":0,"415":0,"416":0,"417":0,"418":0,"419":0,"420":0,"421":0,"422":0,"423":0,"424":0,"425":0,"426":0,"427":0,"428":0,"429":0,"430":0,"431":0,"432":0,"433":0,"434":0,"435":0,"436":0,"437":0,"438":0,"439":0,"440":0,"441":0,"442":0,"443":0,"444":0,"445":0,"446":0,"447":0,"448":0,"449":0,"450":0,"451":0,"452":0,"453":0,"454":0,"455":0,"456":0,"457":0,"458":0,"459":0,"460":0,"461":0,"462":0,"463":0,"464":0,"465":0,"466":0,"467":0,"468":0,"469":0,"470":0,"471":0,"472":0,"473":0,"474":0,"475":0,"476":0,"477":0,"478":0,"479":0,"480":0,"481":0,"482":0,"483":0,"484":0,"485":0,"486":0,"487":0,"488":0,"489":0,"490":0,"491":0,"492":0,"493":0,"494":0,"495":0,"496":0,"497":0,"498":0,"499":0,"500":0,"501":0,"502":0,"503":0,"504":0,"505":0,"506":0,"507":0,"508":0,"509":0,"510":0,"511":0,"512":0,"513":0,"514":0,"515":0,"516":0,"517":0,"518":0,"519":0,"520":0,"521":0,"522":0,"523":0,"524":0,"525":0,"526":0,"527":0,"528":0,"529":0,"530":0,"531":0,"532":0,"533":0,"534":0,"535":0,"536":0,"537":0,"538":0,"539":0},"b":{"1":[0,2],"2":[2,0],"3":[2,0],"4":[0,0],"5":[0,0],"6":[0,0,0,0],"7":[0,0],"8":[0,0],"9":[0,0,0],"10":[0,0],"11":[0,0],"12":[0,0],"13":[0,0],"14":[0,0],"15":[0,0,0],"16":[0,0],"17":[0,0,0],"18":[0,0],"19":[0,0],"20":[0,0,0],"21":[0,0,0,0],"22":[0,0],"23":[0,0],"24":[0,0],"25":[0,0],"26":[0,0],"27":[0,0],"28":[0,0],"29":[0,0],"30":[0,0],"31":[0,0],"32":[0,0,0,0],"33":[0,0],"34":[0,0],"35":[0,0],"36":[0,0],"37":[0,0],"38":[0,0],"39":[0,0],"40":[0,0],"41":[0,0,0],"42":[0,0],"43":[0,0],"44":[0,0],"45":[0,0],"46":[0,0],"47":[0,0],"48":[0,0,0],"49":[0,0],"50":[0,0],"51":[0,0],"52":[0,0],"53":[0,0,0],"54":[0,0],"55":[0,0],"56":[0,0],"57":[0,0,0],"58":[0,0],"59":[0,0],"60":[0,0],"61":[0,0],"62":[0,0],"63":[0,0],"64":[0,0],"65":[0,0],"66":[0,0],"67":[0,0],"68":[0,0],"69":[0,0],"70":[0,0],"71":[0,0],"72":[0,0],"73":[0,0],"74":[0,0],"75":[0,0,0,0],"76":[0,0],"77":[0,0,0],"78":[0,0],"79":[0,0],"80":[0,0],"81":[0,0],"82":[0,0,0],"83":[0,0],"84":[0,0],"85":[0,0],"86":[0,0],"87":[0,0],"88":[0,0],"89":[0,0],"90":[0,0],"91":[0,0],"92":[0,0],"93":[0,0],"94":[0,0],"95":[0,0],"96":[0,0,0],"97":[0,0],"98":[0,0,0],"99":[0,0],"100":[0,0],"101":[0,0],"102":[0,0],"103":[0,0],"104":[0,0,0,0],"105":[0,0],"106":[0,0],"107":[0,0,0],"108":[0,0],"109":[0,0],"110":[0,0],"111":[0,0],"112":[0,0],"113":[0,0],"114":[0,0],"115":[0,0],"116":[0,0],"117":[0,0],"118":[0,0,0,0,0],"119":[0,0],"120":[0,0],"121":[0,0],"122":[0,0],"123":[0,0],"124":[0,0,0],"125":[0,0],"126":[0,0],"127":[0,0],"128":[0,0],"129":[0,0],"130":[0,0],"131":[0,0],"132":[0,0],"133":[0,0,0],"134":[0,0],"135":[0,0],"136":[0,0],"137":[0,0],"138":[0,0],"139":[0,0],"140":[0,0],"141":[0,0,0,0],"142":[0,0],"143":[0,0],"144":[0,0],"145":[0,0],"146":[0,0],"147":[0,0],"148":[0,0],"149":[0,0],"150":[0,0],"151":[0,0],"152":[0,0],"153":[0,0],"154":[0,0],"155":[0,0],"156":[0,0],"157":[0,0,0,0],"158":[0,0],"159":[0,0],"160":[0,0],"161":[0,0],"162":[0,0],"163":[0,0],"164":[0,0],"165":[0,0],"166":[0,0],"167":[0,0],"168":[0,0],"169":[0,0],"170":[0,0],"171":[0,0,0],"172":[0,0],"173":[0,0],"174":[0,0],"175":[0,0],"176":[0,0],"177":[0,0],"178":[0,0],"179":[0,0,0],"180":[0,0],"181":[0,0],"182":[0,0],"183":[0,0],"184":[0,0],"185":[0,0],"186":[0,0],"187":[0,0],"188":[0,0],"189":[0,0],"190":[0,0,0],"191":[0,0],"192":[0,0],"193":[0,0],"194":[0,0],"195":[0,0],"196":[0,0],"197":[0,0],"198":[0,0],"199":[0,0],"200":[0,0],"201":[0,0],"202":[0,0],"203":[0,0],"204":[0,0],"205":[0,0]},"f":{"1":2,"2":0,"3":0,"4":0,"5":0,"6":0,"7":0,"8":0,"9":0,"10":0,"11":0,"12":0,"13":0,"14":0,"15":0,"16":0,"17":0,"18":0,"19":0,"20":0,"21":0,"22":0,"23":0,"24":0,"25":0,"26":0,"27":0,"28":0,"29":0,"30":0,"31":0,"32":0,"33":0,"34":0,"35":0,"36":0,"37":0,"38":0,"39":0,"40":0,"41":0,"42":0,"43":0,"44":0,"45":0,"46":0,"47":0,"48":0,"49":0,"50":0,"51":0,"52":0,"53":0,"54":0,"55":0,"56":0,"57":0,"58":0,"59":0,"60":0,"61":0,"62":0,"63":0,"64":0,"65":0,"66":0,"67":0,"68":0,"69":0,"70":0,"71":0,"72":0,"73":0,"74":0,"75":0,"76":0,"77":0,"78":0,"79":0,"80":0,"81":0,"82":0,"83":0,"84":0,"85":0,"86":0,"87":0,"88":0,"89":0,"90":0,"91":0,"92":0,"93":0,"94":0,"95":0,"96":0,"97":0,"98":0,"99":0,"100":0,"101":0,"102":0,"103":0,"104":0,"105":0,"106":0,"107":0,"108":0,"109":0},"fnMap":{"1":{"name":"(anonymous_1)","line":15,"loc":{"start":{"line":15,"column":2},"end":{"line":15,"column":21}}},"2":{"name":"(anonymous_2)","line":33,"loc":{"start":{"line":33,"column":2},"end":{"line":33,"column":15}}},"3":{"name":"getDragHandler","line":61,"loc":{"start":{"line":61,"column":4},"end":{"line":61,"column":34}}},"4":{"name":"(anonymous_4)","line":63,"loc":{"start":{"line":63,"column":15},"end":{"line":63,"column":28}}},"5":{"name":"(anonymous_5)","line":176,"loc":{"start":{"line":176,"column":18},"end":{"line":176,"column":46}}},"6":{"name":"(anonymous_6)","line":179,"loc":{"start":{"line":179,"column":36},"end":{"line":179,"column":58}}},"7":{"name":"(anonymous_7)","line":191,"loc":{"start":{"line":191,"column":22},"end":{"line":191,"column":38}}},"8":{"name":"(anonymous_8)","line":211,"loc":{"start":{"line":211,"column":17},"end":{"line":211,"column":36}}},"9":{"name":"(anonymous_9)","line":217,"loc":{"start":{"line":217,"column":40},"end":{"line":217,"column":52}}},"10":{"name":"(anonymous_10)","line":294,"loc":{"start":{"line":294,"column":43},"end":{"line":294,"column":55}}},"11":{"name":"(anonymous_11)","line":299,"loc":{"start":{"line":299,"column":23},"end":{"line":299,"column":35}}},"12":{"name":"(anonymous_12)","line":303,"loc":{"start":{"line":303,"column":30},"end":{"line":303,"column":63}}},"13":{"name":"(anonymous_13)","line":314,"loc":{"start":{"line":314,"column":22},"end":{"line":314,"column":41}}},"14":{"name":"(anonymous_14)","line":320,"loc":{"start":{"line":320,"column":22},"end":{"line":320,"column":41}}},"15":{"name":"(anonymous_15)","line":330,"loc":{"start":{"line":330,"column":41},"end":{"line":330,"column":64}}},"16":{"name":"(anonymous_16)","line":338,"loc":{"start":{"line":338,"column":19},"end":{"line":338,"column":36}}},"17":{"name":"(anonymous_17)","line":340,"loc":{"start":{"line":340,"column":26},"end":{"line":340,"column":49}}},"18":{"name":"(anonymous_18)","line":346,"loc":{"start":{"line":346,"column":29},"end":{"line":346,"column":44}}},"19":{"name":"(anonymous_19)","line":359,"loc":{"start":{"line":359,"column":29},"end":{"line":359,"column":44}}},"20":{"name":"(anonymous_20)","line":372,"loc":{"start":{"line":372,"column":21},"end":{"line":372,"column":40}}},"21":{"name":"(anonymous_21)","line":417,"loc":{"start":{"line":417,"column":31},"end":{"line":417,"column":50}}},"22":{"name":"(anonymous_22)","line":423,"loc":{"start":{"line":423,"column":47},"end":{"line":423,"column":60}}},"23":{"name":"(anonymous_23)","line":431,"loc":{"start":{"line":431,"column":30},"end":{"line":431,"column":42}}},"24":{"name":"(anonymous_24)","line":437,"loc":{"start":{"line":437,"column":23},"end":{"line":437,"column":44}}},"25":{"name":"(anonymous_25)","line":442,"loc":{"start":{"line":442,"column":22},"end":{"line":442,"column":41}}},"26":{"name":"(anonymous_26)","line":474,"loc":{"start":{"line":474,"column":46},"end":{"line":474,"column":69}}},"27":{"name":"(anonymous_27)","line":487,"loc":{"start":{"line":487,"column":59},"end":{"line":487,"column":83}}},"28":{"name":"(anonymous_28)","line":494,"loc":{"start":{"line":494,"column":46},"end":{"line":494,"column":69}}},"29":{"name":"(anonymous_29)","line":515,"loc":{"start":{"line":515,"column":29},"end":{"line":515,"column":48}}},"30":{"name":"(anonymous_30)","line":530,"loc":{"start":{"line":530,"column":27},"end":{"line":530,"column":46}}},"31":{"name":"(anonymous_31)","line":548,"loc":{"start":{"line":548,"column":23},"end":{"line":548,"column":42}}},"32":{"name":"(anonymous_32)","line":553,"loc":{"start":{"line":553,"column":31},"end":{"line":553,"column":43}}},"33":{"name":"(anonymous_33)","line":571,"loc":{"start":{"line":571,"column":27},"end":{"line":571,"column":46}}},"34":{"name":"(anonymous_34)","line":600,"loc":{"start":{"line":600,"column":26},"end":{"line":600,"column":42}}},"35":{"name":"(anonymous_35)","line":609,"loc":{"start":{"line":609,"column":27},"end":{"line":609,"column":47}}},"36":{"name":"(anonymous_36)","line":624,"loc":{"start":{"line":624,"column":25},"end":{"line":624,"column":44}}},"37":{"name":"(anonymous_37)","line":633,"loc":{"start":{"line":633,"column":24},"end":{"line":633,"column":66}}},"38":{"name":"(anonymous_38)","line":647,"loc":{"start":{"line":647,"column":32},"end":{"line":647,"column":51}}},"39":{"name":"(anonymous_39)","line":649,"loc":{"start":{"line":649,"column":29},"end":{"line":649,"column":45}}},"40":{"name":"(anonymous_40)","line":652,"loc":{"start":{"line":652,"column":27},"end":{"line":652,"column":62}}},"41":{"name":"(anonymous_41)","line":656,"loc":{"start":{"line":656,"column":28},"end":{"line":656,"column":40}}},"42":{"name":"(anonymous_42)","line":667,"loc":{"start":{"line":667,"column":26},"end":{"line":667,"column":38}}},"43":{"name":"(anonymous_43)","line":678,"loc":{"start":{"line":678,"column":25},"end":{"line":678,"column":37}}},"44":{"name":"(anonymous_44)","line":686,"loc":{"start":{"line":686,"column":25},"end":{"line":686,"column":37}}},"45":{"name":"(anonymous_45)","line":694,"loc":{"start":{"line":694,"column":30},"end":{"line":694,"column":42}}},"46":{"name":"(anonymous_46)","line":698,"loc":{"start":{"line":698,"column":28},"end":{"line":698,"column":40}}},"47":{"name":"(anonymous_47)","line":701,"loc":{"start":{"line":701,"column":28},"end":{"line":701,"column":40}}},"48":{"name":"(anonymous_48)","line":708,"loc":{"start":{"line":708,"column":27},"end":{"line":708,"column":44}}},"49":{"name":"(anonymous_49)","line":721,"loc":{"start":{"line":721,"column":24},"end":{"line":721,"column":53}}},"50":{"name":"(anonymous_50)","line":749,"loc":{"start":{"line":749,"column":21},"end":{"line":749,"column":33}}},"51":{"name":"(anonymous_51)","line":771,"loc":{"start":{"line":771,"column":26},"end":{"line":771,"column":63}}},"52":{"name":"(anonymous_52)","line":801,"loc":{"start":{"line":801,"column":26},"end":{"line":801,"column":68}}},"53":{"name":"(anonymous_53)","line":814,"loc":{"start":{"line":814,"column":28},"end":{"line":814,"column":40}}},"54":{"name":"(anonymous_54)","line":821,"loc":{"start":{"line":821,"column":21},"end":{"line":821,"column":40}}},"55":{"name":"(anonymous_55)","line":847,"loc":{"start":{"line":847,"column":17},"end":{"line":847,"column":63}}},"56":{"name":"(anonymous_56)","line":865,"loc":{"start":{"line":865,"column":17},"end":{"line":865,"column":68}}},"57":{"name":"(anonymous_57)","line":879,"loc":{"start":{"line":879,"column":19},"end":{"line":879,"column":79}}},"58":{"name":"(anonymous_58)","line":885,"loc":{"start":{"line":885,"column":17},"end":{"line":885,"column":36}}},"59":{"name":"(anonymous_59)","line":895,"loc":{"start":{"line":895,"column":23},"end":{"line":895,"column":35}}},"60":{"name":"(anonymous_60)","line":907,"loc":{"start":{"line":907,"column":27},"end":{"line":907,"column":64}}},"61":{"name":"(anonymous_61)","line":909,"loc":{"start":{"line":909,"column":28},"end":{"line":909,"column":70}}},"62":{"name":"(anonymous_62)","line":911,"loc":{"start":{"line":911,"column":30},"end":{"line":911,"column":81}}},"63":{"name":"(anonymous_63)","line":956,"loc":{"start":{"line":956,"column":29},"end":{"line":956,"column":41}}},"64":{"name":"(anonymous_64)","line":971,"loc":{"start":{"line":971,"column":16},"end":{"line":971,"column":35}}},"65":{"name":"(anonymous_65)","line":1030,"loc":{"start":{"line":1030,"column":37},"end":{"line":1030,"column":63}}},"66":{"name":"(anonymous_66)","line":1047,"loc":{"start":{"line":1047,"column":27},"end":{"line":1047,"column":43}}},"67":{"name":"(anonymous_67)","line":1067,"loc":{"start":{"line":1067,"column":64},"end":{"line":1067,"column":81}}},"68":{"name":"(anonymous_68)","line":1080,"loc":{"start":{"line":1080,"column":30},"end":{"line":1080,"column":53}}},"69":{"name":"(anonymous_69)","line":1085,"loc":{"start":{"line":1085,"column":31},"end":{"line":1085,"column":44}}},"70":{"name":"(anonymous_70)","line":1095,"loc":{"start":{"line":1095,"column":33},"end":{"line":1095,"column":52}}},"71":{"name":"(anonymous_71)","line":1099,"loc":{"start":{"line":1099,"column":27},"end":{"line":1099,"column":44}}},"72":{"name":"(anonymous_72)","line":1103,"loc":{"start":{"line":1103,"column":30},"end":{"line":1103,"column":42}}},"73":{"name":"(anonymous_73)","line":1104,"loc":{"start":{"line":1104,"column":42},"end":{"line":1104,"column":61}}},"74":{"name":"(anonymous_74)","line":1120,"loc":{"start":{"line":1120,"column":31},"end":{"line":1120,"column":47}}},"75":{"name":"(anonymous_75)","line":1136,"loc":{"start":{"line":1136,"column":32},"end":{"line":1136,"column":57}}},"76":{"name":"(anonymous_76)","line":1140,"loc":{"start":{"line":1140,"column":31},"end":{"line":1140,"column":48}}},"77":{"name":"(anonymous_77)","line":1143,"loc":{"start":{"line":1143,"column":19},"end":{"line":1143,"column":31}}},"78":{"name":"(anonymous_78)","line":1151,"loc":{"start":{"line":1151,"column":26},"end":{"line":1151,"column":50}}},"79":{"name":"(anonymous_79)","line":1157,"loc":{"start":{"line":1157,"column":33},"end":{"line":1157,"column":49}}},"80":{"name":"(anonymous_80)","line":1176,"loc":{"start":{"line":1176,"column":34},"end":{"line":1176,"column":55}}},"81":{"name":"(anonymous_81)","line":1197,"loc":{"start":{"line":1197,"column":30},"end":{"line":1197,"column":53}}},"82":{"name":"(anonymous_82)","line":1205,"loc":{"start":{"line":1205,"column":28},"end":{"line":1205,"column":49}}},"83":{"name":"(anonymous_83)","line":1212,"loc":{"start":{"line":1212,"column":19},"end":{"line":1212,"column":31}}},"84":{"name":"(anonymous_84)","line":1220,"loc":{"start":{"line":1220,"column":19},"end":{"line":1220,"column":32}}},"85":{"name":"(anonymous_85)","line":1226,"loc":{"start":{"line":1226,"column":59},"end":{"line":1226,"column":76}}},"86":{"name":"(anonymous_86)","line":1241,"loc":{"start":{"line":1241,"column":18},"end":{"line":1241,"column":31}}},"87":{"name":"(anonymous_87)","line":1246,"loc":{"start":{"line":1246,"column":30},"end":{"line":1246,"column":53}}},"88":{"name":"(anonymous_88)","line":1262,"loc":{"start":{"line":1262,"column":17},"end":{"line":1262,"column":30}}},"89":{"name":"(anonymous_89)","line":1269,"loc":{"start":{"line":1269,"column":59},"end":{"line":1269,"column":76}}},"90":{"name":"(anonymous_90)","line":1288,"loc":{"start":{"line":1288,"column":28},"end":{"line":1288,"column":40}}},"91":{"name":"(anonymous_91)","line":1309,"loc":{"start":{"line":1309,"column":31},"end":{"line":1309,"column":43}}},"92":{"name":"(anonymous_92)","line":1315,"loc":{"start":{"line":1315,"column":18},"end":{"line":1315,"column":30}}},"93":{"name":"(anonymous_93)","line":1319,"loc":{"start":{"line":1319,"column":20},"end":{"line":1319,"column":42}}},"94":{"name":"(anonymous_94)","line":1331,"loc":{"start":{"line":1331,"column":29},"end":{"line":1331,"column":41}}},"95":{"name":"(anonymous_95)","line":1347,"loc":{"start":{"line":1347,"column":20},"end":{"line":1347,"column":35}}},"96":{"name":"(anonymous_96)","line":1354,"loc":{"start":{"line":1354,"column":25},"end":{"line":1354,"column":47}}},"97":{"name":"(anonymous_97)","line":1359,"loc":{"start":{"line":1359,"column":29},"end":{"line":1359,"column":41}}},"98":{"name":"(anonymous_98)","line":1366,"loc":{"start":{"line":1366,"column":16},"end":{"line":1366,"column":39}}},"99":{"name":"(anonymous_99)","line":1371,"loc":{"start":{"line":1371,"column":62},"end":{"line":1371,"column":77}}},"100":{"name":"(anonymous_100)","line":1384,"loc":{"start":{"line":1384,"column":17},"end":{"line":1384,"column":29}}},"101":{"name":"(anonymous_101)","line":1396,"loc":{"start":{"line":1396,"column":16},"end":{"line":1396,"column":28}}},"102":{"name":"(anonymous_102)","line":1404,"loc":{"start":{"line":1404,"column":18},"end":{"line":1404,"column":30}}},"103":{"name":"(anonymous_103)","line":1412,"loc":{"start":{"line":1412,"column":13},"end":{"line":1412,"column":29}}},"104":{"name":"(anonymous_104)","line":1418,"loc":{"start":{"line":1418,"column":63},"end":{"line":1418,"column":80}}},"105":{"name":"(anonymous_105)","line":1433,"loc":{"start":{"line":1433,"column":14},"end":{"line":1433,"column":30}}},"106":{"name":"(anonymous_106)","line":1441,"loc":{"start":{"line":1441,"column":36},"end":{"line":1441,"column":48}}},"107":{"name":"(anonymous_107)","line":1450,"loc":{"start":{"line":1450,"column":24},"end":{"line":1450,"column":41}}},"108":{"name":"(anonymous_108)","line":1461,"loc":{"start":{"line":1461,"column":32},"end":{"line":1461,"column":69}}},"109":{"name":"(anonymous_109)","line":1464,"loc":{"start":{"line":1464,"column":32},"end":{"line":1464,"column":74}}}},"statementMap":{"1":{"start":{"line":15,"column":1},"end":{"line":1482,"column":4}},"2":{"start":{"line":17,"column":4},"end":{"line":32,"column":5}},"3":{"start":{"line":19,"column":8},"end":{"line":22,"column":20}},"4":{"start":{"line":23,"column":11},"end":{"line":32,"column":5}},"5":{"start":{"line":25,"column":8},"end":{"line":28,"column":10}},"6":{"start":{"line":31,"column":8},"end":{"line":31,"column":31}},"7":{"start":{"line":38,"column":4},"end":{"line":46,"column":51}},"8":{"start":{"line":53,"column":4},"end":{"line":53,"column":76}},"9":{"start":{"line":54,"column":4},"end":{"line":54,"column":56}},"10":{"start":{"line":57,"column":4},"end":{"line":58,"column":63}},"11":{"start":{"line":61,"column":4},"end":{"line":77,"column":5}},"12":{"start":{"line":62,"column":8},"end":{"line":62,"column":45}},"13":{"start":{"line":63,"column":8},"end":{"line":76,"column":10}},"14":{"start":{"line":64,"column":12},"end":{"line":64,"column":77}},"15":{"start":{"line":65,"column":12},"end":{"line":65,"column":46}},"16":{"start":{"line":66,"column":12},"end":{"line":75,"column":13}},"17":{"start":{"line":71,"column":16},"end":{"line":71,"column":35}},"18":{"start":{"line":72,"column":16},"end":{"line":74,"column":17}},"19":{"start":{"line":73,"column":20},"end":{"line":73,"column":53}},"20":{"start":{"line":87,"column":4},"end":{"line":1480,"column":7}},"21":{"start":{"line":177,"column":16},"end":{"line":177,"column":71}},"22":{"start":{"line":178,"column":16},"end":{"line":182,"column":17}},"23":{"start":{"line":179,"column":20},"end":{"line":181,"column":23}},"24":{"start":{"line":180,"column":24},"end":{"line":180,"column":74}},"25":{"start":{"line":183,"column":16},"end":{"line":183,"column":31}},"26":{"start":{"line":192,"column":16},"end":{"line":192,"column":45}},"27":{"start":{"line":212,"column":16},"end":{"line":214,"column":17}},"28":{"start":{"line":213,"column":20},"end":{"line":213,"column":33}},"29":{"start":{"line":215,"column":16},"end":{"line":220,"column":17}},"30":{"start":{"line":217,"column":20},"end":{"line":219,"column":23}},"31":{"start":{"line":218,"column":24},"end":{"line":218,"column":38}},"32":{"start":{"line":295,"column":12},"end":{"line":295,"column":72}},"33":{"start":{"line":296,"column":12},"end":{"line":296,"column":48}},"34":{"start":{"line":300,"column":12},"end":{"line":300,"column":80}},"35":{"start":{"line":301,"column":12},"end":{"line":301,"column":28}},"36":{"start":{"line":302,"column":12},"end":{"line":302,"column":29}},"37":{"start":{"line":303,"column":12},"end":{"line":311,"column":14}},"38":{"start":{"line":304,"column":16},"end":{"line":304,"column":52}},"39":{"start":{"line":305,"column":16},"end":{"line":309,"column":17}},"40":{"start":{"line":306,"column":20},"end":{"line":306,"column":82}},"41":{"start":{"line":307,"column":20},"end":{"line":307,"column":41}},"42":{"start":{"line":308,"column":20},"end":{"line":308,"column":41}},"43":{"start":{"line":310,"column":16},"end":{"line":310,"column":36}},"44":{"start":{"line":315,"column":12},"end":{"line":317,"column":49}},"45":{"start":{"line":321,"column":12},"end":{"line":321,"column":25}},"46":{"start":{"line":322,"column":12},"end":{"line":324,"column":13}},"47":{"start":{"line":323,"column":16},"end":{"line":323,"column":54}},"48":{"start":{"line":325,"column":12},"end":{"line":327,"column":13}},"49":{"start":{"line":326,"column":16},"end":{"line":326,"column":40}},"50":{"start":{"line":328,"column":12},"end":{"line":334,"column":13}},"51":{"start":{"line":329,"column":16},"end":{"line":329,"column":30}},"52":{"start":{"line":330,"column":16},"end":{"line":332,"column":19}},"53":{"start":{"line":331,"column":20},"end":{"line":331,"column":62}},"54":{"start":{"line":333,"column":16},"end":{"line":333,"column":32}},"55":{"start":{"line":335,"column":12},"end":{"line":335,"column":22}},"56":{"start":{"line":339,"column":12},"end":{"line":339,"column":26}},"57":{"start":{"line":340,"column":12},"end":{"line":342,"column":15}},"58":{"start":{"line":341,"column":16},"end":{"line":341,"column":40}},"59":{"start":{"line":343,"column":12},"end":{"line":343,"column":25}},"60":{"start":{"line":347,"column":12},"end":{"line":351,"column":14}},"61":{"start":{"line":352,"column":12},"end":{"line":356,"column":13}},"62":{"start":{"line":353,"column":16},"end":{"line":353,"column":50}},"63":{"start":{"line":355,"column":16},"end":{"line":355,"column":41}},"64":{"start":{"line":360,"column":12},"end":{"line":360,"column":21}},"65":{"start":{"line":361,"column":12},"end":{"line":369,"column":13}},"66":{"start":{"line":362,"column":16},"end":{"line":366,"column":17}},"67":{"start":{"line":363,"column":20},"end":{"line":365,"column":21}},"68":{"start":{"line":364,"column":24},"end":{"line":364,"column":51}},"69":{"start":{"line":368,"column":16},"end":{"line":368,"column":35}},"70":{"start":{"line":373,"column":12},"end":{"line":414,"column":13}},"71":{"start":{"line":374,"column":16},"end":{"line":375,"column":27}},"72":{"start":{"line":376,"column":16},"end":{"line":380,"column":17}},"73":{"start":{"line":379,"column":20},"end":{"line":379,"column":27}},"74":{"start":{"line":381,"column":16},"end":{"line":381,"column":33}},"75":{"start":{"line":382,"column":16},"end":{"line":384,"column":46}},"76":{"start":{"line":387,"column":16},"end":{"line":387,"column":74}},"77":{"start":{"line":388,"column":16},"end":{"line":392,"column":18}},"78":{"start":{"line":393,"column":16},"end":{"line":393,"column":61}},"79":{"start":{"line":394,"column":16},"end":{"line":398,"column":18}},"80":{"start":{"line":402,"column":16},"end":{"line":406,"column":18}},"81":{"start":{"line":409,"column":16},"end":{"line":413,"column":18}},"82":{"start":{"line":418,"column":12},"end":{"line":419,"column":73}},"83":{"start":{"line":422,"column":12},"end":{"line":434,"column":13}},"84":{"start":{"line":423,"column":16},"end":{"line":430,"column":19}},"85":{"start":{"line":424,"column":20},"end":{"line":424,"column":45}},"86":{"start":{"line":426,"column":20},"end":{"line":426,"column":61}},"87":{"start":{"line":427,"column":20},"end":{"line":427,"column":41}},"88":{"start":{"line":428,"column":20},"end":{"line":428,"column":39}},"89":{"start":{"line":429,"column":20},"end":{"line":429,"column":49}},"90":{"start":{"line":431,"column":16},"end":{"line":433,"column":18}},"91":{"start":{"line":432,"column":20},"end":{"line":432,"column":31}},"92":{"start":{"line":439,"column":12},"end":{"line":439,"column":83}},"93":{"start":{"line":443,"column":12},"end":{"line":449,"column":61}},"94":{"start":{"line":450,"column":12},"end":{"line":450,"column":60}},"95":{"start":{"line":451,"column":12},"end":{"line":453,"column":13}},"96":{"start":{"line":452,"column":16},"end":{"line":452,"column":72}},"97":{"start":{"line":454,"column":12},"end":{"line":457,"column":13}},"98":{"start":{"line":455,"column":16},"end":{"line":456,"column":47}},"99":{"start":{"line":458,"column":12},"end":{"line":510,"column":13}},"100":{"start":{"line":459,"column":16},"end":{"line":459,"column":78}},"101":{"start":{"line":460,"column":16},"end":{"line":460,"column":52}},"102":{"start":{"line":461,"column":19},"end":{"line":510,"column":13}},"103":{"start":{"line":462,"column":16},"end":{"line":508,"column":17}},"104":{"start":{"line":467,"column":20},"end":{"line":467,"column":58}},"105":{"start":{"line":468,"column":20},"end":{"line":481,"column":21}},"106":{"start":{"line":469,"column":24},"end":{"line":472,"column":27}},"107":{"start":{"line":474,"column":24},"end":{"line":480,"column":27}},"108":{"start":{"line":475,"column":28},"end":{"line":479,"column":31}},"109":{"start":{"line":483,"column":20},"end":{"line":490,"column":21}},"110":{"start":{"line":484,"column":24},"end":{"line":484,"column":52}},"111":{"start":{"line":486,"column":24},"end":{"line":486,"column":50}},"112":{"start":{"line":487,"column":24},"end":{"line":489,"column":27}},"113":{"start":{"line":488,"column":28},"end":{"line":488,"column":69}},"114":{"start":{"line":491,"column":20},"end":{"line":507,"column":21}},"115":{"start":{"line":492,"column":24},"end":{"line":492,"column":76}},"116":{"start":{"line":494,"column":24},"end":{"line":506,"column":27}},"117":{"start":{"line":497,"column":28},"end":{"line":505,"column":29}},"118":{"start":{"line":499,"column":32},"end":{"line":504,"column":34}},"119":{"start":{"line":509,"column":16},"end":{"line":509,"column":40}},"120":{"start":{"line":512,"column":12},"end":{"line":512,"column":32}},"121":{"start":{"line":516,"column":12},"end":{"line":516,"column":81}},"122":{"start":{"line":518,"column":12},"end":{"line":518,"column":68}},"123":{"start":{"line":520,"column":12},"end":{"line":520,"column":58}},"124":{"start":{"line":522,"column":12},"end":{"line":527,"column":13}},"125":{"start":{"line":523,"column":16},"end":{"line":526,"column":19}},"126":{"start":{"line":531,"column":12},"end":{"line":545,"column":13}},"127":{"start":{"line":532,"column":16},"end":{"line":537,"column":17}},"128":{"start":{"line":533,"column":20},"end":{"line":535,"column":21}},"129":{"start":{"line":534,"column":24},"end":{"line":534,"column":51}},"130":{"start":{"line":536,"column":20},"end":{"line":536,"column":56}},"131":{"start":{"line":538,"column":16},"end":{"line":542,"column":17}},"132":{"start":{"line":541,"column":20},"end":{"line":541,"column":81}},"133":{"start":{"line":544,"column":16},"end":{"line":544,"column":50}},"134":{"start":{"line":549,"column":12},"end":{"line":550,"column":46}},"135":{"start":{"line":551,"column":
[...]
lumn":10}},"8":{"start":{"line":50,"column":12},"end":{"line":50,"column":21}},"9":{"start":{"line":53,"column":4},"end":{"line":59,"column":7}},"10":{"start":{"line":61,"column":4},"end":{"line":124,"column":7}},"11":{"start":{"line":62,"column":8},"end":{"line":123,"column":9}},"12":{"start":{"line":63,"column":12},"end":{"line":66,"column":49}},"13":{"start":{"line":70,"column":12},"end":{"line":72,"column":13}},"14":{"start":{"line":71,"column":14},"end":{"line":71,"column":56}},"15":{"start":{"line":73,"column":12},"end":{"line":122,"column":14}},"16":{"start":{"line":75,"column":20},"end":{"line":75,"column":33}},"17":{"start":{"line":76,"column":20},"end":{"line":79,"column":60}},"18":{"start":{"line":80,"column":20},"end":{"line":115,"column":47}},"19":{"start":{"line":85,"column":24},"end":{"line":87,"column":27}},"20":{"start":{"line":86,"column":28},"end":{"line":86,"column":58}},"21":{"start":{"line":88,"column":24},"end":{"line":88,"column":88}},"22":{"start":{"line":89,"column":24},"end":{"line":110,"column":27}},"23":{"start":{"line":90,"column":28},"end":{"line":90,"column":48}},"24":{"start":{"line":91,"column":28},"end":{"line":92,"column":35}},"25":{"start":{"line":93,"column":28},"end":{"line":109,"column":29}},"26":{"start":{"line":94,"column":32},"end":{"line":108,"column":33}},"27":{"start":{"line":95,"column":36},"end":{"line":95,"column":71}},"28":{"start":{"line":96,"column":36},"end":{"line":96,"column":73}},"29":{"start":{"line":97,"column":36},"end":{"line":97,"column":55}},"30":{"start":{"line":98,"column":36},"end":{"line":98,"column":64}},"31":{"start":{"line":100,"column":36},"end":{"line":105,"column":38}},"32":{"start":{"line":106,"column":36},"end":{"line":106,"column":52}},"33":{"start":{"line":107,"column":36},"end":{"line":107,"column":64}},"34":{"start":{"line":111,"column":24},"end":{"line":114,"column":26}},"35":{"start":{"line":118,"column":20},"end":{"line":120,"column":21}},"36":{"start":{"line":119,"column":24},"end":{"line":119,"column":40}}},"branchMap":{"1":{"line":16,"type":"if","locations":[{"start":{"line":16,"column":4},"end":{"line":16,"column":4}},{"start":{"line":16,"column":4},"end":{"line":16,"column":4}}]},"2":{"line":16,"type":"binary-expr","locations":[{"start":{"line":16,"column":8},"end":{"line":16,"column":36}},{"start":{"line":16,"column":40},"end":{"line":16,"column":50}}]},"3":{"line":19,"type":"if","locations":[{"start":{"line":19,"column":11},"end":{"line":19,"column":11}},{"start":{"line":19,"column":11},"end":{"line":19,"column":11}}]},"4":{"line":62,"type":"if","locations":[{"start":{"line":62,"column":8},"end":{"line":62,"column":8}},{"start":{"line":62,"column":8},"end":{"line":62,"column":8}}]},"5":{"line":62,"type":"binary-expr","locations":[{"start":{"line":62,"column":12},"end":{"line":62,"column":31}},{"start":{"line":62,"column":35},"end":{"line":62,"column":53}}]},"6":{"line":70,"type":"if","locations":[{"start":{"line":70,"column":12},"end":{"line":70,"column":12}},{"start":{"line":70,"column":12},"end":{"line":70,"column":12}}]},"7":{"line":93,"type":"if","locations":[{"start":{"line":93,"column":28},"end":{"line":93,"column":28}},{"start":{"line":93,"column":28},"end":{"line":93,"column":28}}]},"8":{"line":93,"type":"binary-expr","locations":[{"start":{"line":93,"column":32},"end":{"line":93,"column":51}},{"start":{"line":93,"column":55},"end":{"line":93,"column":77}}]},"9":{"line":94,"type":"if","locations":[{"start":{"line":94,"column":32},"end":{"line":94,"column":32}},{"start":{"line":94,"column":32},"end":{"line":94,"column":32}}]},"10":{"line":118,"type":"if","locations":[{"start":{"line":118,"column":20},"end":{"line":118,"column":20}},{"start":{"line":118,"column":20},"end":{"line":118,"column":20}}]}},"code":["/*"," * jQuery postMessage Transport Plugin"," * https://github.com/blueimp/jQuery-File-Upload"," *"," * Copyright 2011, Sebastian Tschan"," * https://blueimp.net"," *"," * Licensed under the MIT license:"," * https://opensource.org/licenses/MIT"," */","","/* global define, require, window, document */","",";(function (factory) {","    'use strict';","    if (typeof define === 'function' && define.amd) {","        // Register as an anonymous AMD module:","        define(['jquery'], factory);","    } else if (typeof exports === 'object') {","        // Node/CommonJS:","        factory(require('jquery'));","    } else {","        // Browser globals:","        factory(window.jQuery);","    }","}(function ($) {","    'use strict';","","    var counter = 0,","        names = [","            'accepts',","            'cache',","            'contents',","            'contentType',","            'crossDomain',","            'data',","            'dataType',","            'headers',","            'ifModified',","            'mimeType',","            'password',","            'processData',","            'timeout',","            'traditional',","            'type',","            'url',","            'username'","        ],","        convert = function (p) {","            return p;","        };","","    $.ajaxSetup({","        converters: {","            'postmessage text': convert,","            'postmessage json': convert,","            'postmessage html': convert","        }","    });","","    $.ajaxTransport('postmessage', function (options) {","        if (options.postMessage && window.postMessage) {","            var iframe,","                loc = $('<a>').prop('href', options.postMessage)[0],","                target = loc.protocol + '//' + loc.host,","                xhrUpload = options.xhr().upload;","            // IE always includes the port for the host property of a link","            // element, but not in the location.host or origin property for the","            // default http port 80 and https port 443, so we strip it:","            if (/^(http:\\/\\/.+:80)|(https:\\/\\/.+:443)$/.test(target)) {","              target = target.replace(/:(80|443)$/, '');","            }","            return {","                send: function (_, completeCallback) {","                    counter += 1;","                    var message = {","                            id: 'postmessage-transport-' + counter","                        },","                        eventName = 'message.' + message.id;","                    iframe = $(","                        '<iframe style=\"display:none;\" src=\"' +","                            options.postMessage + '\" name=\"' +","                            message.id + '\"></iframe>'","                    ).bind('load', function () {","                        $.each(names, function (i, name) {","                            message[name] = options[name];","                        });","                        message.dataType = message.dataType.replace('postmessage ', '');","                        $(window).bind(eventName, function (e) {","                            e = e.originalEvent;","                            var data = e.data,","                                ev;","                            if (e.origin === target && data.id === message.id) {","                                if (data.type === 'progress') {","                                    ev = document.createEvent('Event');","                                    ev.initEvent(data.type, false, true);","                                    $.extend(ev, data);","                                    xhrUpload.dispatchEvent(ev);","                                } else {","                                    completeCallback(","                                        data.status,","                                        data.statusText,","                                        {postmessage: data.result},","                                        data.headers","                                    );","                                    iframe.remove();","                                    $(window).unbind(eventName);","                                }","                            }","                        });","                        iframe[0].contentWindow.postMessage(","                            message,","                            target","                        );","                    }).appendTo(document.body);","                },","                abort: function () {","                    if (iframe) {","                        iframe.remove();","                    }","                }","            };","        }","    });","","}));",""],"l":{"14":2,"16":2,"18":0,"19":2,"21":2,"24":0,"29":0,"50":0,"53":0,"61":0,"62":0,"63":0,"70":0,"71":0,"73":0,"75":0,"76":0,"80":0,"85":0,"86":0,"88":0,"89":0,"90":0,"91":0,"93":0,"94":0,"95":0,"96":0,"97":0,"98":0,"100":0,"106":0,"107":0,"111":0,"118":0,"119":0}},"/home/travis/build/npmtest/node-npmtest-blueimp-file-upload/node_modules/blueimp-file-upload/js/cors/jquery.xdr-transport.js":{"path":"/home/travis/build/npmtest/node-npmtest-blueimp-file-upload/node_modules/blueimp-file-upload/js/cors/jquery.xdr-transport.js","s":{"1":2,"2":2,"3":0,"4":2,"5":2,"6":0,"7":0,"8":0,"9":0,"10":0,"11":0,"12":0,"13":0,"14":0,"15":0,"16":1,"17":0,"18":0,"19":0,"20":0,"21":0,"22":0,"23":0,"24":0,"25":0,"26":0,"27":0,"28":0,"29":0,"30":0,"31":0,"32":0,"33":0,"34":0,"35":0,"36":0,"37":0,"38":0,"39":0,"40":0,"41":0,"42":0},"b":{"1":[0,2],"2":[2,0],"3":[2,0],"4":[0,0],"5":[0,0],"6":[0,0],"7":[0,0],"8":[0,0],"9":[0,0],"10":[0,0],"11":[0,0],"12":[0,0],"13":[0,0],"14":[0,0,0],"15":[0,0]},"f":{"1":2,"2":0,"3":0,"4":0,"5":0,"6":0,"7":0,"8":0,"9":0},"fnMap":{"1":{"name":"(anonymous_1)","line":17,"loc":{"start":{"line":17,"column":2},"end":{"line":17,"column":21}}},"2":{"name":"(anonymous_2)","line":29,"loc":{"start":{"line":29,"column":2},"end":{"line":29,"column":15}}},"3":{"name":"(anonymous_3)","line":32,"loc":{"start":{"line":32,"column":24},"end":{"line":32,"column":37}}},"4":{"name":"(anonymous_4)","line":40,"loc":{"start":{"line":40,"column":26},"end":{"line":40,"column":63}}},"5":{"name":"callback","line":42,"loc":{"start":{"line":42,"column":24},"end":{"line":42,"column":90}}},"6":{"name":"(anonymous_6)","line":60,"loc":{"start":{"line":60,"column":37},"end":{"line":60,"column":49}}},"7":{"name":"(anonymous_7)","line":68,"loc":{"start":{"line":68,"column":38},"end":{"line":68,"column":50}}},"8":{"name":"(anonymous_8)","line":72,"loc":{"start":{"line":72,"column":44},"end":{"line":72,"column":56}}},"9":{"name":"(anonymous_9)","line":79,"loc":{"start":{"line":79,"column":27},"end":{"line":79,"column":39}}}},"statementMap":{"1":{"start":{"line":17,"column":1},"end":{"line":89,"column":4}},"2":{"start":{"line":19,"column":4},"end":{"line":28,"column":5}},"3":{"start":{"line":21,"column":8},"end":{"line":21,"column":36}},"4":{"start":{"line":22,"column":11},"end":{"line":28,"column":5}},"5":{"start":{"line":24,"column":8},"end":{"line":24,"column":35}},"6":{"start":{"line":27,"column":8},"end":{"line":27,"column":31}},"7":{"start":{"line":31,"column":4},"end":{"line":88,"column":5}},"8":{"start":{"line":32,"column":8},"end":{"line":87,"column":11}},"9":{"start":{"line":33,"column":12},"end":{"line":86,"column":13}},"10":{"start":{"line":34,"column":16},"end":{"line":37,"column":17}},"11":{"start":{"line":35,"column":20},"end":{"line":35,"column":45}},"12":{"start":{"line":36,"column":20},"end":{"line":36,"column":37}},"13":{"start":{"line":38,"column":16},"end":{"line":38,"column":24}},"14":{"start":{"line":39,"column":16},"end":{"line":85,"column":18}},"15":{"start":{"line":41,"column":24},"end":{"line":41,"column":72}},"16":{"start":{"line":42,"column":24},"end":{"line":46,"column":25}},"17":{"start":{"line":43,"column":28},"end":{"line":43,"column":78}},"18":{"start":{"line":44,"column":28},"end":{"line":44,"column":39}},"19":{"start":{"line":45,"column":28},"end":{"line":45,"column":93}},"20":{"start":{"line":47,"column":24},"end":{"line":47,"column":51}},"21":{"start":{"line":49,"column":24},"end":{"line":58,"column":25}},"22":{"start":{"line":50,"column":28},"end":{"line":50,"column":76}},"23":{"start":{"line":51,"column":28},"end":{"line":51,"column":44}},"24":{"start":{"line":52,"column":31},"end":{"line":58,"column":25}},"25":{"start":{"line":53,"column":28},"end":{"line":53,"column":73}},"26":{"start":{"line":54,"column":28},"end":{"line":54,"column":44}},"27":{"start":{"line":55,"column":31},"end":{"line":58,"column":25}},"28":{"start":{"line":56,"column":28},"end":{"line":56,"column":75}},"29":{"start":{"line":57,"column":28},"end":{"line":57,"column":44}},"30":{"start":{"line":59,"column":24},"end":{"line":59,"column":48}},"31":{"start":{"line":60,"column":24},"end":{"line":67,"column":26}},"32":{"start":{"line":61,"column":28},"end":{"line":66,"column":30}},"33":{"start":{"line":68,"column":24},"end":{"line":70,"column":26}},"34":{"start":{"line":69,"column":28},"end":{"line":69,"column":55}},"35":{"start":{"line":71,"column":24},"end":{"line":76,"column":25}},"36":{"start":{"line":72,"column":28},"end":{"line":74,"column":30}},"37":{"start":{"line":73,"column":32},"end":{"line":73,"column":55}},"38":{"start":{"line":75,"column":28},"end":{"line":75,"column":55}},"39":{"start":{"line":77,"column":24},"end":{"line":77,"column":67}},"40":{"start":{"line":80,"column":24},"end":{"line":83,"column":25}},"41":{"start":{"line":81,"column":28},"end":{"line":81,"column":51}},"42":{"start":{"line":82,"column":28},"end":{"line":82,"column":40}}},"branchMap":{"1":{"line":19,"type":"if","locations":[{"start":{"line":19,"column":4},"end":{"line":19,"column":4}},{"start":{"line":19,"column":4},"end":{"line":19,"column":4}}]},"2":{"line":19,"type":"binary-expr","locations":[{"start":{"line":19,"column":8},"end":{"line":19,"column":36}},{"start":{"line":19,"column":40},"end":{"line":19,"column":50}}]},"3":{"line":22,"type":"if","locations":[{"start":{"line":22,"column":11},"end":{"line":22,"column":11}},{"start":{"line":22,"column":11},"end":{"line":22,"column":11}}]},"4":{"line":31,"type":"if","locations":[{"start":{"line":31,"column":4},"end":{"line":31,"column":4}},{"start":{"line":31,"column":4},"end":{"line":31,"column":4}}]},"5":{"line":31,"type":"binary-expr","locations":[{"start":{"line":31,"column":8},"end":{"line":31,"column":29}},{"start":{"line":31,"column":33},"end":{"line":31,"column":48}}]},"6":{"line":33,"type":"if","locations":[{"start":{"line":33,"column":12},"end":{"line":33,"column":12}},{"start":{"line":33,"column":12},"end":{"line":33,"column":12}}]},"7":{"line":33,"type":"binary-expr","locations":[{"start":{"line":33,"column":16},"end":{"line":33,"column":29}},{"start":{"line":33,"column":33},"end":{"line":33,"column":40}}]},"8":{"line":34,"type":"if","locations":[{"start":{"line":34,"column":16},"end":{"line":34,"column":16}},{"start":{"line":34,"column":16},"end":{"line":34,"column":16}}]},"9":{"line":41,"type":"cond-expr","locations":[{"start":{"line":41,"column":62},"end":{"line":41,"column":65}},{"start":{"line":41,"column":68},"end":{"line":41,"column":71}}]},"10":{"line":49,"type":"if","locations":[{"start":{"line":49,"column":24},"end":{"line":49,"column":24}},{"start":{"line":49,"column":24},"end":{"line":49,"column":24}}]},"11":{"line":52,"type":"if","locations":[{"start":{"line":52,"column":31},"end":{"line":52,"column":31}},{"start":{"line":52,"column":31},"end":{"line":52,"column":31}}]},"12":{"line":55,"type":"if","locations":[{"start":{"line":55,"column":31},"end":{"line":55,"column":31}},{"start":{"line":55,"column":31},"end":{"line":55,"column":31}}]},"13":{"line":71,"type":"if","locations":[{"start":{"line":71,"column":24},"end":{"line":71,"column":24}},{"start":{"line":71,"column":24},"end":{"line":71,"column":24}}]},"14":{"line":77,"type":"binary-expr","locations":[{"start":{"line":77,"column":34},"end":{"line":77,"column":46}},{"start":{"line":77,"column":50},"end":{"line":77,"column":56}},{"start":{"line":77,"column":61},"end":{"line":77,"column":65}}]},"15":{"line":80,"type":"if","locations":[{"start":{"line":80,"column":24},"end":{"line":80,"column":24}},{"start":{"line":80,"column":24},"end":{"line":80,"column":24}}]}},"code":["/*"," * jQuery XDomainRequest Transport Plugin"," * https://github.com/blueimp/jQuery-File-Upload"," *"," * Copyright 2011, Sebastian Tschan"," * https://blueimp.net"," *"," * Licensed under the MIT license:"," * https://opensource.org/licenses/MIT"," *"," * Based on Julian Aubourg's ajaxHooks xdr.js:"," * https://github.com/jaubourg/ajaxHooks/"," */","","/* global define, require, window, XDomainRequest */","",";(function (factory) {","    'use strict';","    if (typeof define === 'function' && define.amd) {","        // Register as an anonymous AMD module:","        define(['jquery'], factory);","    } else if (typeof exports === 'object') {","        // Node/CommonJS:","        factory(require('jquery'));","    } else {","        // Browser globals:","        factory(window.jQuery);","    }","}(function ($) {","    'use strict';","    if (window.XDomainRequest && !$.support.cors) {","        $.ajaxTransport(function (s) {","            if (s.crossDomain && s.async) {","                if (s.timeout) {","                    s.xdrTimeout = s.timeout;","                    delete s.timeout;","                }","                var xdr;","                return {","                    send: function (headers, completeCallback) {","                        var addParamChar = /\\?/.test(s.url) ? '&' : '?';","                        function callback(status, statusText, responses, responseHeaders) {","                            xdr.onload = xdr.onerror = xdr.ontimeout = $.noop;","                            xdr = null;","                            completeCallback(status, statusText, responses, responseHeaders);","                        }","                        xdr = new XDomainRequest();","                        // XDomainRequest only supports GET and POST:","                        if (s.type === 'DELETE') {","                            s.url = s.url + addParamChar + '_method=DELETE';","                            s.type = 'POST';","                        } else if (s.type === 'PUT') {","                            s.url = s.url + addParamChar + '_method=PUT';","                            s.type = 'POST';","                        } else if (s.type === 'PATCH') {","                            s.url = s.url + addParamChar + '_method=PATCH';","                            s.type = 'POST';","                        }","                        xdr.open(s.type, s.url);","                        xdr.onload = function () {","                            callback(","                                200,","                                'OK',","                                {text: xdr.responseText},","                                'Content-Type: ' + xdr.contentType","                            );","                        };","                        xdr.onerror = function () {","                            callback(404, 'Not Found');","                        };","                        if (s.xdrTimeout) {","                            xdr.ontimeout = function () {","                                callback(0, 'timeout');","                            };","                            xdr.timeout = s.xdrTimeout;","                        }","                        xdr.send((s.hasContent && s.data) || null);","                    },","                    abort: function () {","                        if (xdr) {","                            xdr.onerror = $.noop();","                            xdr.abort();","                        }","                    }","                };","            }","        });","    }","}));",""],"l":{"17":2,"19":2,"21":0,"22":2,"24":2,"27":0,"31":0,"32":0,"33":0,"34":0,"35":0,"36":0,"38":0,"39":0,"41":0,"42":1,"43":0,"44":0,"45":0,"47":0,"49":0,"50":0,"51":0,"52":0,"53":0,"54":0,"55":0,"56":0,"57":0,"59":0,"60":0,"61":0,"68":0,"69":0,"71":0,"72":0,"73":0,"75":0,"77":0,"80":0,"81":0,"82":0}}}